2018-07-30 16:58:26.1141||INFO|SampleNetCoreWebApiTemplate.WebApi.Program|服务开始启动... |url: |action: 
2018-07-30 16:58:29.4393||INFO|SampleNetCoreWebApiTemplate.WebApi.MiddleWare.TraceLogMiddleWare|前:27162691 |url: https://localhost/api/values|action: Get
2018-07-30 16:58:29.4589||INFO|SampleNetCoreWebApiTemplate.WebApi.MiddleWare.TraceLogMiddleWare|后:27162691 |url: https://localhost/api/values|action: Get
2018-07-30 16:59:54.6650||INFO|SampleNetCoreWebApiTemplate.WebApi.Program|服务开始启动... |url: |action: 
2018-07-30 17:00:11.6385||INFO|SampleNetCoreWebApiTemplate.WebApi.Controllers.TestController|GetAllUserName |url: https://localhost/api/Test/api/Test/GetAllUserName|action: GetAllUserName
2018-07-30 17:05:46.6095||INFO|SampleNetCoreWebApiTemplate.WebApi.Program|服务开始启动... |url: |action: 
2018-07-30 17:07:35.1494||ERROR|SampleNetCoreWebApiTemplate.WebApi.MiddleWare.CustomerExceptionMiddleWare|An item with the same key has already been added. Key: ApiResultMsgModel System.ArgumentException: An item with the same key has already been added. Key: ApiResultMsgModel
   at SampleNetCoreWebApiTemplate.WebApi.Filter.FormatResultAttribute.FormateResult(ActionExecutedContext context) in F:\资料\项目模板\SampleNetCoreWebApiTemplate\SampleNetCoreWebApiTemplate\SampleNetCoreWebApiTemplate.WebApi\Filter\FormatResultAttribute.cs:line 40
   at SampleNetCoreWebApiTemplate.WebApi.Filter.FormatResultAttribute.OnActionExecuted(ActionExecutedContext context) in F:\资料\项目模板\SampleNetCoreWebApiTemplate\SampleNetCoreWebApiTemplate\SampleNetCoreWebApiTemplate.WebApi\Filter\FormatResultAttribute.cs:line 18
   at Microsoft.AspNetCore.Mvc.Filters.ActionFilterAttribute.OnActionExecutionAsync(ActionExecutingContext context, ActionExecutionDelegate next)
   at Microsoft.AspNetCore.Mvc.Internal.ControllerActionInvoker.InvokeNextActionFilterAsync()
   at Microsoft.AspNetCore.Mvc.Internal.ControllerActionInvoker.Rethrow(ActionExecutedContext context)
   at Microsoft.AspNetCore.Mvc.Internal.ControllerActionInvoker.Next(State& next, Scope& scope, Object& state, Boolean& isCompleted)
   at Microsoft.AspNetCore.Mvc.Internal.ControllerActionInvoker.InvokeInnerFilterAsync()
   at Microsoft.AspNetCore.Mvc.Internal.ResourceInvoker.InvokeNextResourceFilter()
   at Microsoft.AspNetCore.Mvc.Internal.ResourceInvoker.Rethrow(ResourceExecutedContext context)
   at Microsoft.AspNetCore.Mvc.Internal.ResourceInvoker.Next(State& next, Scope& scope, Object& state, Boolean& isCompleted)
   at Microsoft.AspNetCore.Mvc.Internal.ResourceInvoker.InvokeFilterPipelineAsync()
   at Microsoft.AspNetCore.Mvc.Internal.ResourceInvoker.InvokeAsync()
   at Microsoft.AspNetCore.Builder.RouterMiddleware.Invoke(HttpContext httpContext)
   at Microsoft.AspNetCore.Authentication.AuthenticationMiddleware.Invoke(HttpContext context)
   at SampleNetCoreWebApiTemplate.WebApi.MiddleWare.TraceLogMiddleWare.InvokeAsync(HttpContext context) in F:\资料\项目模板\SampleNetCoreWebApiTemplate\SampleNetCoreWebApiTemplate\SampleNetCoreWebApiTemplate.WebApi\MiddleWare\TraceLogMiddleWare.cs:line 37
   at Microsoft.AspNetCore.Cors.Infrastructure.CorsMiddleware.Invoke(HttpContext context)
   at Microsoft.AspNetCore.StaticFiles.StaticFileMiddleware.Invoke(HttpContext context)
   at Swashbuckle.AspNetCore.SwaggerUI.SwaggerUIIndexMiddleware.Invoke(HttpContext httpContext)
   at Swashbuckle.AspNetCore.Swagger.SwaggerMiddleware.Invoke(HttpContext httpContext)
   at Microsoft.AspNetCore.StaticFiles.StaticFileMiddleware.Invoke(HttpContext context)
   at SampleNetCoreWebApiTemplate.WebApi.MiddleWare.CustomerExceptionMiddleWare.InvokeAsync(HttpContext context) in F:\资料\项目模板\SampleNetCoreWebApiTemplate\SampleNetCoreWebApiTemplate\SampleNetCoreWebApiTemplate.WebApi\MiddleWare\CustomerExceptionMiddleWare.cs:line 25|url: https://localhost/api/Authentication/api/Authentication/GetToken|action: GetToken
2018-07-30 17:07:35.3124|13|ERROR|Microsoft.AspNetCore.Server.Kestrel|Connection id "0HLFLVEIAJ7UD", Request id "0HLFLVEIAJ7UD:00000004": An unhandled exception was thrown by the application. System.ObjectDisposedException: Cannot access a closed Stream.
   at System.IO.MemoryStream.Write(Byte[] buffer, Int32 offset, Int32 count)
   at System.IO.MemoryStream.WriteAsync(Byte[] buffer, Int32 offset, Int32 count, CancellationToken cancellationToken)
--- End of stack trace from previous location where exception was thrown ---
   at SampleNetCoreWebApiTemplate.WebApi.MiddleWare.CustomerExceptionMiddleWare.InvokeAsync(HttpContext context) in F:\资料\项目模板\SampleNetCoreWebApiTemplate\SampleNetCoreWebApiTemplate\SampleNetCoreWebApiTemplate.WebApi\MiddleWare\CustomerExceptionMiddleWare.cs:line 44
   at Microsoft.AspNetCore.Server.IISIntegration.IISMiddleware.Invoke(HttpContext httpContext)
   at Microsoft.AspNetCore.Server.Kestrel.Core.Internal.Http.HttpProtocol.ProcessRequests[TContext](IHttpApplication`1 application)|url: https://localhost/api/Authentication/api/Authentication/GetToken|action: GetToken
2018-07-30 17:09:26.7442||INFO|SampleNetCoreWebApiTemplate.WebApi.Program|服务开始启动... |url: |action: 
2018-07-30 17:12:30.2301||INFO|SampleNetCoreWebApiTemplate.WebApi.Program|服务开始启动... |url: |action: 
2018-07-30 17:13:36.5824||INFO|SampleNetCoreWebApiTemplate.WebApi.Program|服务开始启动... |url: |action: 
2018-07-30 17:16:50.6690||INFO|SampleNetCoreWebApiTemplate.WebApi.Program|服务开始启动... |url: |action: 
2018-07-30 17:21:37.2960||INFO|SampleNetCoreWebApiTemplate.WebApi.Program|服务开始启动... |url: |action: 
2018-07-30 17:24:28.8076||INFO|SampleNetCoreWebApiTemplate.WebApi.Program|服务开始启动... |url: |action: 
2018-07-30 17:26:17.5146||INFO|SampleNetCoreWebApiTemplate.WebApi.Program|服务开始启动... |url: |action: 
2018-07-30 17:28:33.5744||INFO|SampleNetCoreWebApiTemplate.WebApi.Program|服务开始启动... |url: |action: 
2018-07-30 17:28:36.5544||INFO|SampleNetCoreWebApiTemplate.WebApi.MiddleWare.TraceLogMiddleWare|{"ClientIp":"::1","Url":"/api/values","Method":"GET","Parameter":"","ResponseContent":"[\"value1\",\"value2\"]","ConsumeTime":338,"RequestDate":"2018-07-30T17:28:36.5284467+08:00","Type":"SampleNetCoreWebApiTemplate.WebApi.MiddleWare.TraceLogMiddleWare","HttpStatusCode":200} |url: https://localhost/api/values|action: Get
2018-07-30 17:28:52.1078||INFO|SampleNetCoreWebApiTemplate.WebApi.MiddleWare.TraceLogMiddleWare|{"ClientIp":"::1","Url":"/api/Test/api/Test/GetAllUser","Method":"GET","Parameter":"","ResponseContent":"","ConsumeTime":78,"RequestDate":"2018-07-30T17:28:52.1086225+08:00","Type":"SampleNetCoreWebApiTemplate.WebApi.MiddleWare.TraceLogMiddleWare","HttpStatusCode":401} |url: https://localhost/api/Test/api/Test/GetAllUser|action: GetAllUser
2018-07-30 17:29:31.4151||INFO|SampleNetCoreWebApiTemplate.WebApi.Controllers.TestController|GetAllUserName |url: https://localhost/api/Test/api/Test/GetAllUserName|action: GetAllUserName
2018-07-30 17:29:32.4723||INFO|SampleNetCoreWebApiTemplate.WebApi.MiddleWare.TraceLogMiddleWare|{"ClientIp":"::1","Url":"/api/Test/api/Test/GetAllUserName","Method":"GET","Parameter":"","ResponseContent":"[\"douxinyu\",\"vivianapj\",\"shehui\",\"wanghg\",\"xianxh\",\"liyanqin\",\"zhanggh\",\"wangsoj\",\"wuyue\",\"liegew \",\"zhouxiaohua\",\"chenglh\",\"wangjiaw\",\"Joey Zhou\",\"GaoNing\",\"ZhangXM\",\"chengg\",\"DUPL\",\"luoty\",\"BUJ\",\"SHEQ\",\"WANGXI\",\"GAOLIN\",\"jianghui\",\"HEGUAH\",\"TANYUAC\",\"FUHY\",\"LIANGYIH\",\"LILINB\",\"Sherry\",\"GaoFeng\",\"Liang, Zhu Xian \",\"XUJJ\",\"DENGYL\",\"ChenVic\",\"CUIYL\",\"huangmf\",\"TEST\",\"fangy\",\"yanghuad\",\"caiq\",\"chensg\",\"gaoyp\",\"wangxd\",\"PingHY\",\"dingll\",\"LiLiJu\",\"tuwy\",\"luochf\",\"liujoy\"]","ConsumeTime":1253,"RequestDate":"2018-07-30T17:29:32.4721737+08:00","Type":"SampleNetCoreWebApiTemplate.WebApi.MiddleWare.TraceLogMiddleWare","HttpStatusCode":200} |url: https://localhost/api/Test/api/Test/GetAllUserName|action: GetAllUserName
2018-07-30 17:30:14.6253||INFO|SampleNetCoreWebApiTemplate.WebApi.MiddleWare.TraceLogMiddleWare|{"ClientIp":"::1","Url":"/api/Authentication/api/Authentication/GetToken","Method":"POST","Parameter":"{\n  \"name\": \"string\",\n  \"password\": \"string\"\n}","ResponseContent":"{\"state\":\"Error\",\"msg\":\"用户名或密码错误\",\"data\":\"\",\"continueCount\":0}","ConsumeTime":102,"RequestDate":"2018-07-30T17:30:14.6326784+08:00","Type":"SampleNetCoreWebApiTemplate.WebApi.MiddleWare.TraceLogMiddleWare","HttpStatusCode":200} |url: https://localhost/api/Authentication/api/Authentication/GetToken|action: GetToken
2018-07-30 17:30:36.4089||INFO|SampleNetCoreWebApiTemplate.WebApi.MiddleWare.TraceLogMiddleWare|{"ClientIp":"::1","Url":"/api/Authentication/api/Authentication/GetToken","Method":"POST","Parameter":"{\n  \"name\": \"test\",\n  \"password\": \"test\"\n}","ResponseContent":"{\"state\":\"Success\",\"msg\":null,\"data\":\"Bearer eyJhbGciOiJIUzI1NiIsInR5cCI6IkpXVCJ9.eyJodHRwOi8vc2NoZW1hcy54bWxzb2FwLm9yZy93cy8yMDA1LzA1L2lkZW50aXR5L2NsYWltcy9uYW1lIjoidGVzdCIsImV4cCI6MTUzMjk0NDgzNiwiaXNzIjoiU2FtcGxlTmV0Q29yZVdlYkFwaVRlbXBsYXRlIiwiYXVkIjoiU2FtcGxlTmV0Q29yZVdlYkFwaVRlbXBsYXRlIn0.6lWNzpIuMeHM0SvJEQ51HTcTPnPMscr_g-En5JqgSv8\",\"continueCount\":0}","ConsumeTime":27,"RequestDate":"2018-07-30T17:30:36.4115737+08:00","Type":"SampleNetCoreWebApiTemplate.WebApi.MiddleWare.TraceLogMiddleWare","HttpStatusCode":200} |url: https://localhost/api/Authentication/api/Authentication/GetToken|action: GetToken
2018-07-30 17:31:17.2356||INFO|SampleNetCoreWebApiTemplate.WebApi.Controllers.TestController|GetAllUser |url: https://localhost/api/Test/api/Test/GetAllUser|action: GetAllUser
2018-07-30 17:31:17.3772||INFO|SampleNetCoreWebApiTemplate.WebApi.MiddleWare.TraceLogMiddleWare|{"ClientIp":"::1","Url":"/api/Test/api/Test/GetAllUser","Method":"GET","Parameter":"","ResponseContent":"{\"state\":\"Success\",\"msg\":null,\"data\":[{\"id\":3,\"userName\":\"douxinyu\",\"roleId\":1},{\"id\":26,\"userName\":\"vivianapj\",\"roleId\":1},{\"id\":27,\"userName\":\"shehui\",\"roleId\":4},{\"id\":28,\"userName\":\"wanghg\",\"roleId\":2},{\"id\":29,\"userName\":\"xianxh\",\"roleId\":2},{\"id\":30,\"userName\":\"liyanqin\",\"roleId\":3},{\"id\":31,\"userName\":\"zhanggh\",\"roleId\":2},{\"id\":32,\"userName\":\"wangsoj\",\"roleId\":2},{\"id\":33,\"userName\":\"wuyue\",\"roleId\":2},{\"id\":34,\"userName\":\"liegew \",\"roleId\":2},{\"id\":35,\"userName\":\"zhouxiaohua\",\"roleId\":2},{\"id\":36,\"userName\":\"chenglh\",\"roleId\":2},{\"id\":37,\"userName\":\"wangjiaw\",\"roleId\":2},{\"id\":38,\"userName\":\"Joey Zhou\",\"roleId\":1},{\"id\":39,\"userName\":\"GaoNing\",\"roleId\":1},{\"id\":40,\"userName\":\"ZhangXM\",\"roleId\":3},{\"id\":41,\"userName\":\"chengg\",\"roleId\":3},{\"id\":42,\"userName\":\"DUPL\",\"roleId\":3},{\"id\":43,\"userName\":\"luoty\",\"roleId\":1},{\"id\":44,\"userName\":\"BUJ\",\"roleId\":3},{\"id\":45,\"userName\":\"SHEQ\",\"roleId\":3},{\"id\":46,\"userName\":\"WANGXI\",\"roleId\":3},{\"id\":47,\"userName\":\"GAOLIN\",\"roleId\":2},{\"id\":48,\"userName\":\"jianghui\",\"roleId\":2},{\"id\":49,\"userName\":\"HEGUAH\",\"roleId\":2},{\"id\":50,\"userName\":\"TANYUAC\",\"roleId\":2},{\"id\":51,\"userName\":\"FUHY\",\"roleId\":2},{\"id\":52,\"userName\":\"LIANGYIH\",\"roleId\":2},{\"id\":53,\"userName\":\"LILINB\",\"roleId\":2},{\"id\":54,\"userName\":\"Sherry\",\"roleId\":3},{\"id\":55,\"userName\":\"GaoFeng\",\"roleId\":3},{\"id\":56,\"userName\":\"Liang, Zhu Xian \",\"roleId\":3},{\"id\":57,\"userName\":\"XUJJ\",\"roleId\":3},{\"id\":58,\"userName\":\"DENGYL\",\"roleId\":3},{\"id\":59,\"userName\":\"ChenVic\",\"roleId\":3},{\"id\":60,\"userName\":\"CUIYL\",\"roleId\":3},{\"id\":61,\"userName\":\"huangmf\",\"roleId\":3},{\"id\":62,\"userName\":\"TEST\",\"roleId\":3},{\"id\":63,\"userName\":\"fangy\",\"roleId\":3},{\"id\":64,\"userName\":\"yanghuad\",\"roleId\":3},{\"id\":65,\"userName\":\"caiq\",\"roleId\":3},{\"id\":66,\"userName\":\"chensg\",\"roleId\":3},{\"id\":67,\"userName\":\"gaoyp\",\"roleId\":3},{\"id\":68,\"userName\":\"wangxd\",\"roleId\":3},{\"id\":69,\"userName\":\"PingHY\",\"roleId\":3},{\"id\":70,\"userName\":\"dingll\",\"roleId\":3},{\"id\":71,\"userName\":\"LiLiJu\",\"roleId\":3},{\"id\":72,\"userName\":\"tuwy\",\"roleId\":3},{\"id\":73,\"userName\":\"luochf\",\"roleId\":3},{\"id\":74,\"userName\":\"liujoy\",\"roleId\":3}],\"continueCount\":0}","ConsumeTime":274,"RequestDate":"2018-07-30T17:31:17.3842232+08:00","Type":"SampleNetCoreWebApiTemplate.WebApi.MiddleWare.TraceLogMiddleWare","HttpStatusCode":200} |url: https://localhost/api/Test/api/Test/GetAllUser|action: GetAllUser
2018-07-30 17:39:32.3348||INFO|SampleNetCoreWebApiTemplate.WebApi.Program|服务开始启动... |url: |action: 
2018-07-30 17:39:44.4033||INFO|SampleNetCoreWebApiTemplate.WebApi.Program|服务开始启动... |url: |action: 
2018-07-30 17:39:45.0423|6|FATAL|Microsoft.AspNetCore.Hosting.Internal.WebHost|Application startup exception System.ArgumentNullException: Value cannot be null.
Parameter name: value
   at System.Boolean.Parse(String value)
   at SampleNetCoreWebApiTemplate.WebApi.Startup.Configure(IApplicationBuilder app, IHostingEnvironment env) in F:\资料\项目模板\SampleNetCoreWebApiTemplate\SampleNetCoreWebApiTemplate\SampleNetCoreWebApiTemplate.WebApi\Startup.cs:line 208
--- End of stack trace from previous location where exception was thrown ---
   at Microsoft.AspNetCore.Hosting.ConventionBasedStartup.Configure(IApplicationBuilder app)
   at Microsoft.AspNetCore.Server.IISIntegration.IISSetupFilter.<>c__DisplayClass4_0.<Configure>b__0(IApplicationBuilder app)
   at Microsoft.AspNetCore.HostFilteringStartupFilter.<>c__DisplayClass0_0.<Configure>b__0(IApplicationBuilder app)
   at Microsoft.AspNetCore.Hosting.Internal.AutoRequestServicesStartupFilter.<>c__DisplayClass0_0.<Configure>b__0(IApplicationBuilder builder)
   at Microsoft.AspNetCore.Hosting.Internal.WebHost.BuildApplication()|url: |action: 
2018-07-30 17:41:14.4537||INFO|SampleNetCoreWebApiTemplate.WebApi.Program|服务开始启动... |url: |action: 
2018-07-30 17:41:17.5775||INFO|SampleNetCoreWebApiTemplate.WebApi.MiddleWare.TraceLogMiddleWare|{"ClientIp":"::1","Url":"/api/values","Method":"GET","Parameter":"","ResponseContent":"[\"value1\",\"value2\"]","ConsumeTime":330,"RequestDate":"2018-07-30T17:41:17.55044+08:00","Type":"SampleNetCoreWebApiTemplate.WebApi.MiddleWare.TraceLogMiddleWare","HttpStatusCode":200} |url: https://localhost/api/values|action: Get
