2018-07-27 15:57:35.6276||INFO|SampleNetCoreWebApiTemplate.WebApi.Program|服务开始启动... 
2018-07-27 15:57:47.0021||INFO|Microsoft.AspNetCore.DataProtection.KeyManagement.XmlKeyManager|User profile is available. Using 'C:\Users\douxinyu.APJ\AppData\Local\ASP.NET\DataProtection-Keys' as key repository and Windows DPAPI to encrypt keys at rest. 
2018-07-27 15:57:51.2688|1|INFO|Microsoft.AspNetCore.Hosting.Internal.WebHost|Request starting HTTP/1.1 GET http://localhost:44318/api/values   
2018-07-27 15:57:51.2688|1|INFO|Microsoft.AspNetCore.Hosting.Internal.WebHost|Request starting HTTP/1.1 DEBUG http://localhost:3467/  0 
2018-07-27 15:57:52.3581|2|INFO|Microsoft.AspNetCore.Hosting.Internal.WebHost|Request finished in 1046.641ms 200  
2018-07-27 15:57:53.9726|1|INFO|Microsoft.AspNetCore.Mvc.Internal.ControllerActionInvoker|Route matched with {action = "Get", controller = "Values"}. Executing action SampleNetCoreWebApiTemplate.WebApi.Controllers.ValuesController.Get (SampleNetCoreWebApiTemplate.WebApi) 
2018-07-27 15:57:53.9991|1|INFO|Microsoft.AspNetCore.Mvc.Internal.ControllerActionInvoker|Executing action method SampleNetCoreWebApiTemplate.WebApi.Controllers.ValuesController.Get (SampleNetCoreWebApiTemplate.WebApi) - Validation state: Valid 
2018-07-27 15:57:53.9991|2|INFO|Microsoft.AspNetCore.Mvc.Internal.ControllerActionInvoker|Executed action method SampleNetCoreWebApiTemplate.WebApi.Controllers.ValuesController.Get (SampleNetCoreWebApiTemplate.WebApi), returned result Microsoft.AspNetCore.Mvc.ObjectResult in 2.745ms. 
2018-07-27 15:57:54.0526|1|INFO|Microsoft.AspNetCore.Mvc.Infrastructure.ObjectResultExecutor|Executing ObjectResult, writing value of type 'System.String[]'. 
2018-07-27 15:57:54.1331|2|INFO|Microsoft.AspNetCore.Mvc.Internal.ControllerActionInvoker|Executed action SampleNetCoreWebApiTemplate.WebApi.Controllers.ValuesController.Get (SampleNetCoreWebApiTemplate.WebApi) in 153.0339ms 
2018-07-27 15:57:54.1416|2|INFO|Microsoft.AspNetCore.Hosting.Internal.WebHost|Request finished in 2889.9243ms 200 application/json; charset=utf-8 
2018-07-27 15:57:54.3970|1|INFO|Microsoft.AspNetCore.Hosting.Internal.WebHost|Request starting HTTP/1.1 GET http://localhost:44318/favicon.ico   
2018-07-27 15:57:54.4165|2|INFO|Microsoft.AspNetCore.Hosting.Internal.WebHost|Request finished in 19.4881ms 404  
2018-07-27 15:58:03.1090|1|INFO|Microsoft.AspNetCore.Hosting.Internal.WebHost|Request starting HTTP/1.1 GET http://localhost:44318/index.html   
2018-07-27 15:58:03.5301|2|INFO|Microsoft.AspNetCore.Hosting.Internal.WebHost|Request finished in 421.0513ms 200 text/html 
2018-07-27 15:58:04.0093|1|INFO|Microsoft.AspNetCore.Hosting.Internal.WebHost|Request starting HTTP/1.1 GET http://localhost:44318/swagger-ui.css   
2018-07-27 15:58:04.5215|6|INFO|Microsoft.AspNetCore.StaticFiles.StaticFileMiddleware|The file /swagger-ui.css was not modified 
2018-07-27 15:58:04.6143|2|INFO|Microsoft.AspNetCore.Hosting.Internal.WebHost|Request finished in 604.9244ms 304 text/css 
2018-07-27 15:58:06.9833|1|INFO|Microsoft.AspNetCore.Hosting.Internal.WebHost|Request starting HTTP/1.1 GET http://localhost:44318/swagger/v1/swagger.json   
2018-07-27 15:58:08.4785|1|INFO|Microsoft.AspNetCore.Hosting.Internal.WebHost|Request starting HTTP/1.1 GET http://localhost:44318/favicon-32x32.png   
2018-07-27 15:58:08.5137|6|INFO|Microsoft.AspNetCore.StaticFiles.StaticFileMiddleware|The file /favicon-32x32.png was not modified 
2018-07-27 15:58:08.5152|2|INFO|Microsoft.AspNetCore.Hosting.Internal.WebHost|Request finished in 36.6788ms 304 image/png 
2018-07-27 15:58:08.5632|1|INFO|Microsoft.AspNetCore.Hosting.Internal.WebHost|Request starting HTTP/1.1 GET http://localhost:44318/favicon-16x16.png   
2018-07-27 15:58:08.5632|6|INFO|Microsoft.AspNetCore.StaticFiles.StaticFileMiddleware|The file /favicon-16x16.png was not modified 
2018-07-27 15:58:08.5632|2|INFO|Microsoft.AspNetCore.Hosting.Internal.WebHost|Request finished in 5.3211ms 304 image/png 
2018-07-27 15:58:09.0475|2|INFO|Microsoft.AspNetCore.Hosting.Internal.WebHost|Request finished in 2064.0145ms 200 application/json;charset=utf-8 
2018-07-27 15:59:11.9547|1|INFO|Microsoft.AspNetCore.Hosting.Internal.WebHost|Request starting HTTP/1.1 GET http://localhost:44318/api/Test/api/Test/GetAllUser   
2018-07-27 15:59:12.1701|1|INFO|Microsoft.AspNetCore.Mvc.Internal.ControllerActionInvoker|Route matched with {action = "GetAllUser", controller = "Test"}. Executing action SampleNetCoreWebApiTemplate.WebApi.Controllers.TestController.GetAllUser (SampleNetCoreWebApiTemplate.WebApi) 
2018-07-27 15:59:12.9749|1|INFO|Microsoft.AspNetCore.Mvc.Internal.ControllerActionInvoker|Executing action method SampleNetCoreWebApiTemplate.WebApi.Controllers.TestController.GetAllUser (SampleNetCoreWebApiTemplate.WebApi) - Validation state: Valid 
2018-07-27 15:59:22.4103||INFO|SampleNetCoreWebApiTemplate.WebApi.Controllers.TestController|GetAllUser 
2018-07-27 15:59:24.1586|10403|INFO|Microsoft.EntityFrameworkCore.Infrastructure|Entity Framework Core 2.1.1-rtm-30846 initialized 'ColorDbContext' using provider 'Microsoft.EntityFrameworkCore.SqlServer' with options: None 
2018-07-27 15:59:26.7850|2|INFO|Microsoft.AspNetCore.Mvc.Internal.ControllerActionInvoker|Executed action method SampleNetCoreWebApiTemplate.WebApi.Controllers.TestController.GetAllUser (SampleNetCoreWebApiTemplate.WebApi), returned result Microsoft.AspNetCore.Mvc.ObjectResult in 13799.751ms. 
2018-07-27 15:59:26.8337|1|INFO|Microsoft.AspNetCore.Mvc.Infrastructure.ObjectResultExecutor|Executing ObjectResult, writing value of type 'SampleNetCoreWebApiTemplate.Model.ViewModel.ApiResult'. 
2018-07-27 15:59:26.9448|2|INFO|Microsoft.AspNetCore.Mvc.Internal.ControllerActionInvoker|Executed action SampleNetCoreWebApiTemplate.WebApi.Controllers.TestController.GetAllUser (SampleNetCoreWebApiTemplate.WebApi) in 14773.1234ms 
2018-07-27 15:59:26.9605|2|INFO|Microsoft.AspNetCore.Hosting.Internal.WebHost|Request finished in 15005.0212ms 200 application/json; charset=utf-8 
2018-07-27 16:01:02.3291||INFO|SampleNetCoreWebApiTemplate.WebApi.Program|服务开始启动... 
2018-07-27 16:01:05.1028||INFO|Microsoft.AspNetCore.DataProtection.KeyManagement.XmlKeyManager|User profile is available. Using 'C:\Users\douxinyu.APJ\AppData\Local\ASP.NET\DataProtection-Keys' as key repository and Windows DPAPI to encrypt keys at rest. 
2018-07-27 16:01:06.5285|1|INFO|Microsoft.AspNetCore.Hosting.Internal.WebHost|Request starting HTTP/1.1 DEBUG http://localhost:3467/  0 
2018-07-27 16:01:06.5285|1|INFO|Microsoft.AspNetCore.Hosting.Internal.WebHost|Request starting HTTP/1.1 GET http://localhost:44318/api/values   
2018-07-27 16:01:06.6514|2|INFO|Microsoft.AspNetCore.Hosting.Internal.WebHost|Request finished in 119.511ms 200  
2018-07-27 16:01:07.2854|1|INFO|Microsoft.AspNetCore.Mvc.Internal.ControllerActionInvoker|Route matched with {action = "Get", controller = "Values"}. Executing action SampleNetCoreWebApiTemplate.WebApi.Controllers.ValuesController.Get (SampleNetCoreWebApiTemplate.WebApi) 
2018-07-27 16:01:07.3046|1|INFO|Microsoft.AspNetCore.Mvc.Internal.ControllerActionInvoker|Executing action method SampleNetCoreWebApiTemplate.WebApi.Controllers.ValuesController.Get (SampleNetCoreWebApiTemplate.WebApi) - Validation state: Valid 
2018-07-27 16:01:07.3248|2|INFO|Microsoft.AspNetCore.Mvc.Internal.ControllerActionInvoker|Executed action method SampleNetCoreWebApiTemplate.WebApi.Controllers.ValuesController.Get (SampleNetCoreWebApiTemplate.WebApi), returned result Microsoft.AspNetCore.Mvc.ObjectResult in 7.9637ms. 
2018-07-27 16:01:07.3509|1|INFO|Microsoft.AspNetCore.Mvc.Infrastructure.ObjectResultExecutor|Executing ObjectResult, writing value of type 'System.String[]'. 
2018-07-27 16:01:07.3974|2|INFO|Microsoft.AspNetCore.Mvc.Internal.ControllerActionInvoker|Executed action SampleNetCoreWebApiTemplate.WebApi.Controllers.ValuesController.Get (SampleNetCoreWebApiTemplate.WebApi) in 91.9333ms 
2018-07-27 16:01:07.4117|2|INFO|Microsoft.AspNetCore.Hosting.Internal.WebHost|Request finished in 884.1314ms 200 application/json; charset=utf-8 
2018-07-27 16:01:12.4108|1|INFO|Microsoft.AspNetCore.Hosting.Internal.WebHost|Request starting HTTP/1.1 GET http://localhost:44318/index.html   
2018-07-27 16:01:12.4466|2|INFO|Microsoft.AspNetCore.Hosting.Internal.WebHost|Request finished in 35.7567ms 200 text/html 
2018-07-27 16:01:14.0135|1|INFO|Microsoft.AspNetCore.Hosting.Internal.WebHost|Request starting HTTP/1.1 GET http://localhost:44318/swagger/v1/swagger.json   
2018-07-27 16:01:14.3259|2|INFO|Microsoft.AspNetCore.Hosting.Internal.WebHost|Request finished in 312.4058ms 200 application/json;charset=utf-8 
2018-07-27 16:01:20.8972|1|INFO|Microsoft.AspNetCore.Hosting.Internal.WebHost|Request starting HTTP/1.1 GET http://localhost:44318/api/Test/api/Test/GetAllUser   
2018-07-27 16:01:20.9379|1|INFO|Microsoft.AspNetCore.Mvc.Internal.ControllerActionInvoker|Route matched with {action = "GetAllUser", controller = "Test"}. Executing action SampleNetCoreWebApiTemplate.WebApi.Controllers.TestController.GetAllUser (SampleNetCoreWebApiTemplate.WebApi) 
2018-07-27 16:01:21.0268|2|INFO|Microsoft.AspNetCore.Authorization.DefaultAuthorizationService|Authorization failed. 
2018-07-27 16:01:21.0268|3|INFO|Microsoft.AspNetCore.Mvc.Internal.ControllerActionInvoker|Authorization failed for the request at filter 'Microsoft.AspNetCore.Mvc.Authorization.AuthorizeFilter'. 
2018-07-27 16:01:21.0413|1|INFO|Microsoft.AspNetCore.Mvc.ChallengeResult|Executing ChallengeResult with authentication schemes (). 
2018-07-27 16:01:21.0630|12|INFO|Microsoft.AspNetCore.Authentication.JwtBearer.JwtBearerHandler|AuthenticationScheme: Bearer was challenged. 
2018-07-27 16:01:21.0630|2|INFO|Microsoft.AspNetCore.Mvc.Internal.ControllerActionInvoker|Executed action SampleNetCoreWebApiTemplate.WebApi.Controllers.TestController.GetAllUser (SampleNetCoreWebApiTemplate.WebApi) in 124.8334ms 
2018-07-27 16:01:21.0630|2|INFO|Microsoft.AspNetCore.Hosting.Internal.WebHost|Request finished in 168.2375ms 401  
2018-07-27 16:31:51.0655||INFO|SampleNetCoreWebApiTemplate.WebApi.Program|服务开始启动... 
2018-07-27 16:32:07.4666||INFO|Microsoft.AspNetCore.DataProtection.KeyManagement.XmlKeyManager|User profile is available. Using 'C:\Users\douxinyu.APJ\AppData\Local\ASP.NET\DataProtection-Keys' as key repository and Windows DPAPI to encrypt keys at rest. 
2018-07-27 16:32:13.4469|1|INFO|Microsoft.AspNetCore.Hosting.Internal.WebHost|Request starting HTTP/1.1 GET http://localhost:44318/api/values   
2018-07-27 16:32:13.4469|1|INFO|Microsoft.AspNetCore.Hosting.Internal.WebHost|Request starting HTTP/1.1 DEBUG http://localhost:3467/  0 
2018-07-27 16:32:13.9041|2|INFO|Microsoft.AspNetCore.Hosting.Internal.WebHost|Request finished in 430.6105ms 200  
2018-07-27 16:32:16.7923|1|INFO|Microsoft.AspNetCore.Mvc.Internal.ControllerActionInvoker|Route matched with {action = "Get", controller = "Values"}. Executing action SampleNetCoreWebApiTemplate.WebApi.Controllers.ValuesController.Get (SampleNetCoreWebApiTemplate.WebApi) 
2018-07-27 16:32:16.8363|1|INFO|Microsoft.AspNetCore.Mvc.Internal.ControllerActionInvoker|Executing action method SampleNetCoreWebApiTemplate.WebApi.Controllers.ValuesController.Get (SampleNetCoreWebApiTemplate.WebApi) - Validation state: Valid 
2018-07-27 16:32:16.8469|2|INFO|Microsoft.AspNetCore.Mvc.Internal.ControllerActionInvoker|Executed action method SampleNetCoreWebApiTemplate.WebApi.Controllers.ValuesController.Get (SampleNetCoreWebApiTemplate.WebApi), returned result Microsoft.AspNetCore.Mvc.ObjectResult in 3.5379ms. 
2018-07-27 16:32:16.8641|1|INFO|Microsoft.AspNetCore.Mvc.Infrastructure.ObjectResultExecutor|Executing ObjectResult, writing value of type 'System.String[]'. 
2018-07-27 16:32:16.9515|2|INFO|Microsoft.AspNetCore.Mvc.Internal.ControllerActionInvoker|Executed action SampleNetCoreWebApiTemplate.WebApi.Controllers.ValuesController.Get (SampleNetCoreWebApiTemplate.WebApi) in 150.1361ms 
2018-07-27 16:32:16.9682|2|INFO|Microsoft.AspNetCore.Hosting.Internal.WebHost|Request finished in 3577.9063ms 200 application/json; charset=utf-8 
2018-07-27 16:33:09.1010|1|INFO|Microsoft.AspNetCore.Hosting.Internal.WebHost|Request starting HTTP/1.1 GET http://localhost:44318/index.html   
2018-07-27 16:33:09.2730|2|INFO|Microsoft.AspNetCore.Hosting.Internal.WebHost|Request finished in 171.9707ms 200 text/html 
2018-07-27 16:33:12.4911|1|INFO|Microsoft.AspNetCore.Hosting.Internal.WebHost|Request starting HTTP/1.1 GET http://localhost:44318/swagger/v1/swagger.json   
2018-07-27 16:33:16.1275|2|INFO|Microsoft.AspNetCore.Hosting.Internal.WebHost|Request finished in 3636.3781ms 200 application/json;charset=utf-8 
2018-07-27 16:33:34.6292|1|INFO|Microsoft.AspNetCore.Hosting.Internal.WebHost|Request starting HTTP/1.1 POST http://localhost:44318/api/Authentication/api/Authentication/GetToken application/json-patch+json 42 
2018-07-27 16:33:34.6441|4|INFO|Microsoft.AspNetCore.Cors.Infrastructure.CorsService|Policy execution successful. 
2018-07-27 16:33:34.9590|1|INFO|Microsoft.AspNetCore.Mvc.Internal.ControllerActionInvoker|Route matched with {action = "GetToken", controller = "Authentication"}. Executing action SampleNetCoreWebApiTemplate.WebApi.Controllers.AuthenticationController.GetToken (SampleNetCoreWebApiTemplate.WebApi) 
2018-07-27 16:33:37.3783|1|INFO|Microsoft.AspNetCore.Mvc.Internal.ControllerActionInvoker|Executing action method SampleNetCoreWebApiTemplate.WebApi.Controllers.AuthenticationController.GetToken (SampleNetCoreWebApiTemplate.WebApi) with arguments (SampleNetCoreWebApiTemplate.Model.ViewModel.RequstTokenUserModel) - Validation state: Valid 
2018-07-27 16:34:22.6177|2|INFO|Microsoft.AspNetCore.Mvc.Internal.ControllerActionInvoker|Executed action method SampleNetCoreWebApiTemplate.WebApi.Controllers.AuthenticationController.GetToken (SampleNetCoreWebApiTemplate.WebApi), returned result Microsoft.AspNetCore.Mvc.ObjectResult in 45237.5261ms. 
2018-07-27 16:34:22.6550|1|INFO|Microsoft.AspNetCore.Mvc.Infrastructure.ObjectResultExecutor|Executing ObjectResult, writing value of type 'System.String'. 
2018-07-27 16:34:22.7019|2|INFO|Microsoft.AspNetCore.Mvc.Internal.ControllerActionInvoker|Executed action SampleNetCoreWebApiTemplate.WebApi.Controllers.AuthenticationController.GetToken (SampleNetCoreWebApiTemplate.WebApi) in 47741.9113ms 
2018-07-27 16:34:22.7191|2|INFO|Microsoft.AspNetCore.Hosting.Internal.WebHost|Request finished in 48089.5925ms 200 text/plain; charset=utf-8 
2018-07-27 16:35:08.7840|1|INFO|Microsoft.AspNetCore.Hosting.Internal.WebHost|Request starting HTTP/1.1 GET http://localhost:44318/api/Test/api/Test/GetAllUser   
2018-07-27 16:35:09.0125|1|INFO|Microsoft.AspNetCore.Mvc.Internal.ControllerActionInvoker|Route matched with {action = "GetAllUser", controller = "Test"}. Executing action SampleNetCoreWebApiTemplate.WebApi.Controllers.TestController.GetAllUser (SampleNetCoreWebApiTemplate.WebApi) 
2018-07-27 16:35:09.0342|1|INFO|Microsoft.AspNetCore.Mvc.Internal.ControllerActionInvoker|Executing action method SampleNetCoreWebApiTemplate.WebApi.Controllers.TestController.GetAllUser (SampleNetCoreWebApiTemplate.WebApi) - Validation state: Valid 
2018-07-27 16:35:09.0635||INFO|SampleNetCoreWebApiTemplate.WebApi.Controllers.TestController|GetAllUser 
2018-07-27 16:35:10.6719|10403|INFO|Microsoft.EntityFrameworkCore.Infrastructure|Entity Framework Core 2.1.1-rtm-30846 initialized 'ColorDbContext' using provider 'Microsoft.EntityFrameworkCore.SqlServer' with options: None 
2018-07-27 16:35:13.4742|2|INFO|Microsoft.AspNetCore.Mvc.Internal.ControllerActionInvoker|Executed action method SampleNetCoreWebApiTemplate.WebApi.Controllers.TestController.GetAllUser (SampleNetCoreWebApiTemplate.WebApi), returned result Microsoft.AspNetCore.Mvc.ObjectResult in 4439.3561ms. 
2018-07-27 16:35:13.4922|1|INFO|Microsoft.AspNetCore.Mvc.Infrastructure.ObjectResultExecutor|Executing ObjectResult, writing value of type 'SampleNetCoreWebApiTemplate.Model.ViewModel.ApiResult'. 
2018-07-27 16:35:13.5064|2|INFO|Microsoft.AspNetCore.Mvc.Internal.ControllerActionInvoker|Executed action SampleNetCoreWebApiTemplate.WebApi.Controllers.TestController.GetAllUser (SampleNetCoreWebApiTemplate.WebApi) in 4493.2953ms 
2018-07-27 16:35:13.5361|2|INFO|Microsoft.AspNetCore.Hosting.Internal.WebHost|Request finished in 4752.0627ms 200 application/json; charset=utf-8 
2018-07-27 16:39:24.7514||INFO|SampleNetCoreWebApiTemplate.WebApi.Program|服务开始启动... 
2018-07-27 16:39:26.8538||INFO|Microsoft.AspNetCore.DataProtection.KeyManagement.XmlKeyManager|User profile is available. Using 'C:\Users\douxinyu.APJ\AppData\Local\ASP.NET\DataProtection-Keys' as key repository and Windows DPAPI to encrypt keys at rest. 
2018-07-27 16:39:27.9432|1|INFO|Microsoft.AspNetCore.Hosting.Internal.WebHost|Request starting HTTP/1.1 DEBUG http://localhost:3467/  0 
2018-07-27 16:39:27.9432|1|INFO|Microsoft.AspNetCore.Hosting.Internal.WebHost|Request starting HTTP/1.1 GET http://localhost:44318/api/values   
2018-07-27 16:39:28.0623|2|INFO|Microsoft.AspNetCore.Hosting.Internal.WebHost|Request finished in 116.2291ms 200  
2018-07-27 16:39:28.5609|1|INFO|Microsoft.AspNetCore.Mvc.Internal.ControllerActionInvoker|Route matched with {action = "Get", controller = "Values"}. Executing action SampleNetCoreWebApiTemplate.WebApi.Controllers.ValuesController.Get (SampleNetCoreWebApiTemplate.WebApi) 
2018-07-27 16:39:28.5786|1|INFO|Microsoft.AspNetCore.Mvc.Internal.ControllerActionInvoker|Executing action method SampleNetCoreWebApiTemplate.WebApi.Controllers.ValuesController.Get (SampleNetCoreWebApiTemplate.WebApi) - Validation state: Valid 
2018-07-27 16:39:28.5786|2|INFO|Microsoft.AspNetCore.Mvc.Internal.ControllerActionInvoker|Executed action method SampleNetCoreWebApiTemplate.WebApi.Controllers.ValuesController.Get (SampleNetCoreWebApiTemplate.WebApi), returned result Microsoft.AspNetCore.Mvc.ObjectResult in 0.8628ms. 
2018-07-27 16:39:28.6016|1|INFO|Microsoft.AspNetCore.Mvc.Infrastructure.ObjectResultExecutor|Executing ObjectResult, writing value of type 'System.String[]'. 
2018-07-27 16:39:28.6287|2|INFO|Microsoft.AspNetCore.Mvc.Internal.ControllerActionInvoker|Executed action SampleNetCoreWebApiTemplate.WebApi.Controllers.ValuesController.Get (SampleNetCoreWebApiTemplate.WebApi) in 55.7284ms 
2018-07-27 16:39:28.6459|2|INFO|Microsoft.AspNetCore.Hosting.Internal.WebHost|Request finished in 704.3752ms 200 application/json; charset=utf-8 
2018-07-27 16:39:32.4726|1|INFO|Microsoft.AspNetCore.Hosting.Internal.WebHost|Request starting HTTP/1.1 GET http://localhost:44318/index.html   
2018-07-27 16:39:32.5113|2|INFO|Microsoft.AspNetCore.Hosting.Internal.WebHost|Request finished in 38.6653ms 200 text/html 
2018-07-27 16:39:33.6499|1|INFO|Microsoft.AspNetCore.Hosting.Internal.WebHost|Request starting HTTP/1.1 GET http://localhost:44318/swagger/v1/swagger.json   
2018-07-27 16:39:33.9423|2|INFO|Microsoft.AspNetCore.Hosting.Internal.WebHost|Request finished in 292.3536ms 200 application/json;charset=utf-8 
2018-07-27 16:39:51.4819|1|INFO|Microsoft.AspNetCore.Hosting.Internal.WebHost|Request starting HTTP/1.1 POST http://localhost:44318/api/Authentication/api/Authentication/GetToken application/json-patch+json 42 
2018-07-27 16:39:51.5010|4|INFO|Microsoft.AspNetCore.Cors.Infrastructure.CorsService|Policy execution successful. 
2018-07-27 16:39:51.5726|1|INFO|Microsoft.AspNetCore.Mvc.Internal.ControllerActionInvoker|Route matched with {action = "GetToken", controller = "Authentication"}. Executing action SampleNetCoreWebApiTemplate.WebApi.Controllers.AuthenticationController.GetToken (SampleNetCoreWebApiTemplate.WebApi) 
2018-07-27 16:39:51.8738|1|INFO|Microsoft.AspNetCore.Mvc.Internal.ControllerActionInvoker|Executing action method SampleNetCoreWebApiTemplate.WebApi.Controllers.AuthenticationController.GetToken (SampleNetCoreWebApiTemplate.WebApi) with arguments (SampleNetCoreWebApiTemplate.Model.ViewModel.RequstTokenUserModel) - Validation state: Valid 
2018-07-27 16:39:51.9004|2|INFO|Microsoft.AspNetCore.Mvc.Internal.ControllerActionInvoker|Executed action method SampleNetCoreWebApiTemplate.WebApi.Controllers.AuthenticationController.GetToken (SampleNetCoreWebApiTemplate.WebApi), returned result Microsoft.AspNetCore.Mvc.ObjectResult in 25.629ms. 
2018-07-27 16:39:51.9156|1|INFO|Microsoft.AspNetCore.Mvc.Infrastructure.ObjectResultExecutor|Executing ObjectResult, writing value of type 'SampleNetCoreWebApiTemplate.Model.ViewModel.ApiResult'. 
2018-07-27 16:39:51.9245|2|INFO|Microsoft.AspNetCore.Mvc.Internal.ControllerActionInvoker|Executed action SampleNetCoreWebApiTemplate.WebApi.Controllers.AuthenticationController.GetToken (SampleNetCoreWebApiTemplate.WebApi) in 350.6422ms 
2018-07-27 16:39:51.9245|2|INFO|Microsoft.AspNetCore.Hosting.Internal.WebHost|Request finished in 444.7447ms 200 application/json; charset=utf-8 
2018-07-27 16:40:15.5164|1|INFO|Microsoft.AspNetCore.Hosting.Internal.WebHost|Request starting HTTP/1.1 GET http://localhost:44318/api/Test/api/Test/GetAllUser   
2018-07-27 16:40:15.5615|1|INFO|Microsoft.AspNetCore.Mvc.Internal.ControllerActionInvoker|Route matched with {action = "GetAllUser", controller = "Test"}. Executing action SampleNetCoreWebApiTemplate.WebApi.Controllers.TestController.GetAllUser (SampleNetCoreWebApiTemplate.WebApi) 
2018-07-27 16:40:15.7370|1|INFO|Microsoft.AspNetCore.Mvc.Internal.ControllerActionInvoker|Executing action method SampleNetCoreWebApiTemplate.WebApi.Controllers.TestController.GetAllUser (SampleNetCoreWebApiTemplate.WebApi) - Validation state: Valid 
2018-07-27 16:40:15.7370||INFO|SampleNetCoreWebApiTemplate.WebApi.Controllers.TestController|GetAllUser 
2018-07-27 16:40:16.0705|10403|INFO|Microsoft.EntityFrameworkCore.Infrastructure|Entity Framework Core 2.1.1-rtm-30846 initialized 'ColorDbContext' using provider 'Microsoft.EntityFrameworkCore.SqlServer' with options: None 
2018-07-27 16:40:16.8492|2|INFO|Microsoft.AspNetCore.Mvc.Internal.ControllerActionInvoker|Executed action method SampleNetCoreWebApiTemplate.WebApi.Controllers.TestController.GetAllUser (SampleNetCoreWebApiTemplate.WebApi), returned result Microsoft.AspNetCore.Mvc.ObjectResult in 1110.7798ms. 
2018-07-27 16:40:16.8628|1|INFO|Microsoft.AspNetCore.Mvc.Infrastructure.ObjectResultExecutor|Executing ObjectResult, writing value of type 'SampleNetCoreWebApiTemplate.Model.ViewModel.ApiResult'. 
2018-07-27 16:40:16.8751|2|INFO|Microsoft.AspNetCore.Mvc.Internal.ControllerActionInvoker|Executed action SampleNetCoreWebApiTemplate.WebApi.Controllers.TestController.GetAllUser (SampleNetCoreWebApiTemplate.WebApi) in 1308.9999ms 
2018-07-27 16:40:16.9001|2|INFO|Microsoft.AspNetCore.Hosting.Internal.WebHost|Request finished in 1383.6506ms 200 application/json; charset=utf-8 
2018-07-27 16:42:19.7391||INFO|SampleNetCoreWebApiTemplate.WebApi.Program|服务开始启动... 
2018-07-27 16:42:21.4563||INFO|Microsoft.AspNetCore.DataProtection.KeyManagement.XmlKeyManager|User profile is available. Using 'C:\Users\douxinyu.APJ\AppData\Local\ASP.NET\DataProtection-Keys' as key repository and Windows DPAPI to encrypt keys at rest. 
2018-07-27 16:42:22.3792|1|INFO|Microsoft.AspNetCore.Hosting.Internal.WebHost|Request starting HTTP/1.1 DEBUG http://localhost:3467/  0 
2018-07-27 16:42:22.3952|1|INFO|Microsoft.AspNetCore.Hosting.Internal.WebHost|Request starting HTTP/1.1 GET http://localhost:44318/api/values   
2018-07-27 16:42:22.5065|2|INFO|Microsoft.AspNetCore.Hosting.Internal.WebHost|Request finished in 113.0319ms 200  
2018-07-27 16:42:22.9079|1|INFO|Microsoft.AspNetCore.Mvc.Internal.ControllerActionInvoker|Route matched with {action = "Get", controller = "Values"}. Executing action SampleNetCoreWebApiTemplate.WebApi.Controllers.ValuesController.Get (SampleNetCoreWebApiTemplate.WebApi) 
2018-07-27 16:42:22.9246|1|INFO|Microsoft.AspNetCore.Mvc.Internal.ControllerActionInvoker|Executing action method SampleNetCoreWebApiTemplate.WebApi.Controllers.ValuesController.Get (SampleNetCoreWebApiTemplate.WebApi) - Validation state: Valid 
2018-07-27 16:42:22.9246|2|INFO|Microsoft.AspNetCore.Mvc.Internal.ControllerActionInvoker|Executed action method SampleNetCoreWebApiTemplate.WebApi.Controllers.ValuesController.Get (SampleNetCoreWebApiTemplate.WebApi), returned result Microsoft.AspNetCore.Mvc.ObjectResult in 0.8394ms. 
2018-07-27 16:42:22.9438|1|INFO|Microsoft.AspNetCore.Mvc.Infrastructure.ObjectResultExecutor|Executing ObjectResult, writing value of type 'System.String[]'. 
2018-07-27 16:42:22.9599|2|INFO|Microsoft.AspNetCore.Mvc.Internal.ControllerActionInvoker|Executed action SampleNetCoreWebApiTemplate.WebApi.Controllers.ValuesController.Get (SampleNetCoreWebApiTemplate.WebApi) in 46.3127ms 
2018-07-27 16:42:22.9760|2|INFO|Microsoft.AspNetCore.Hosting.Internal.WebHost|Request finished in 580.8306ms 200 application/json; charset=utf-8 
2018-07-27 16:42:27.3938|1|INFO|Microsoft.AspNetCore.Hosting.Internal.WebHost|Request starting HTTP/1.1 GET http://localhost:44318/index.html   
2018-07-27 16:42:27.4245|2|INFO|Microsoft.AspNetCore.Hosting.Internal.WebHost|Request finished in 30.6017ms 200 text/html 
2018-07-27 16:42:28.6424|1|INFO|Microsoft.AspNetCore.Hosting.Internal.WebHost|Request starting HTTP/1.1 GET http://localhost:44318/swagger/v1/swagger.json   
2018-07-27 16:42:28.9572|2|INFO|Microsoft.AspNetCore.Hosting.Internal.WebHost|Request finished in 314.6332ms 200 application/json;charset=utf-8 
2018-07-27 16:42:46.6511|1|INFO|Microsoft.AspNetCore.Hosting.Internal.WebHost|Request starting HTTP/1.1 POST http://localhost:44318/api/Authentication/api/Authentication/GetToken application/json-patch+json 42 
2018-07-27 16:42:46.6664|4|INFO|Microsoft.AspNetCore.Cors.Infrastructure.CorsService|Policy execution successful. 
2018-07-27 16:42:46.7014|1|INFO|Microsoft.AspNetCore.Mvc.Internal.ControllerActionInvoker|Route matched with {action = "GetToken", controller = "Authentication"}. Executing action SampleNetCoreWebApiTemplate.WebApi.Controllers.AuthenticationController.GetToken (SampleNetCoreWebApiTemplate.WebApi) 
2018-07-27 16:42:46.9864|1|INFO|Microsoft.AspNetCore.Mvc.Internal.ControllerActionInvoker|Executing action method SampleNetCoreWebApiTemplate.WebApi.Controllers.AuthenticationController.GetToken (SampleNetCoreWebApiTemplate.WebApi) with arguments (SampleNetCoreWebApiTemplate.Model.ViewModel.RequstTokenUserModel) - Validation state: Valid 
2018-07-27 16:42:46.9864|2|INFO|Microsoft.AspNetCore.Mvc.Internal.ControllerActionInvoker|Executed action method SampleNetCoreWebApiTemplate.WebApi.Controllers.AuthenticationController.GetToken (SampleNetCoreWebApiTemplate.WebApi), returned result Microsoft.AspNetCore.Mvc.ObjectResult in 9.9124ms. 
2018-07-27 16:42:47.0069|1|INFO|Microsoft.AspNetCore.Mvc.Infrastructure.ObjectResultExecutor|Executing ObjectResult, writing value of type 'SampleNetCoreWebApiTemplate.Model.ViewModel.ApiResult'. 
2018-07-27 16:42:47.0145|2|INFO|Microsoft.AspNetCore.Mvc.Internal.ControllerActionInvoker|Executed action SampleNetCoreWebApiTemplate.WebApi.Controllers.AuthenticationController.GetToken (SampleNetCoreWebApiTemplate.WebApi) in 312.3486ms 
2018-07-27 16:42:47.0145|2|INFO|Microsoft.AspNetCore.Hosting.Internal.WebHost|Request finished in 364.7331ms 200 application/json; charset=utf-8 
2018-07-27 16:43:05.4752|1|INFO|Microsoft.AspNetCore.Hosting.Internal.WebHost|Request starting HTTP/1.1 GET http://localhost:44318/api/Test/api/Test/GetAllUser   
2018-07-27 16:43:05.5039|1|INFO|Microsoft.AspNetCore.Mvc.Internal.ControllerActionInvoker|Route matched with {action = "GetAllUser", controller = "Test"}. Executing action SampleNetCoreWebApiTemplate.WebApi.Controllers.TestController.GetAllUser (SampleNetCoreWebApiTemplate.WebApi) 
2018-07-27 16:43:05.5165|1|INFO|Microsoft.AspNetCore.Mvc.Internal.ControllerActionInvoker|Executing action method SampleNetCoreWebApiTemplate.WebApi.Controllers.TestController.GetAllUser (SampleNetCoreWebApiTemplate.WebApi) - Validation state: Valid 
2018-07-27 16:46:00.7018||INFO|SampleNetCoreWebApiTemplate.WebApi.Program|服务开始启动... 
2018-07-27 16:46:02.4244||INFO|Microsoft.AspNetCore.DataProtection.KeyManagement.XmlKeyManager|User profile is available. Using 'C:\Users\douxinyu.APJ\AppData\Local\ASP.NET\DataProtection-Keys' as key repository and Windows DPAPI to encrypt keys at rest. 
2018-07-27 16:46:03.3584|1|INFO|Microsoft.AspNetCore.Hosting.Internal.WebHost|Request starting HTTP/1.1 GET http://localhost:44318/api/values   
2018-07-27 16:46:03.3584|1|INFO|Microsoft.AspNetCore.Hosting.Internal.WebHost|Request starting HTTP/1.1 DEBUG http://localhost:3467/  0 
2018-07-27 16:46:03.4841|2|INFO|Microsoft.AspNetCore.Hosting.Internal.WebHost|Request finished in 123.7336ms 200  
2018-07-27 16:46:03.9328|1|INFO|Microsoft.AspNetCore.Mvc.Internal.ControllerActionInvoker|Route matched with {action = "Get", controller = "Values"}. Executing action SampleNetCoreWebApiTemplate.WebApi.Controllers.ValuesController.Get (SampleNetCoreWebApiTemplate.WebApi) 
2018-07-27 16:46:03.9516|1|INFO|Microsoft.AspNetCore.Mvc.Internal.ControllerActionInvoker|Executing action method SampleNetCoreWebApiTemplate.WebApi.Controllers.ValuesController.Get (SampleNetCoreWebApiTemplate.WebApi) - Validation state: Valid 
2018-07-27 16:46:03.9585|2|INFO|Microsoft.AspNetCore.Mvc.Internal.ControllerActionInvoker|Executed action method SampleNetCoreWebApiTemplate.WebApi.Controllers.ValuesController.Get (SampleNetCoreWebApiTemplate.WebApi), returned result Microsoft.AspNetCore.Mvc.ObjectResult in 0.7171ms. 
2018-07-27 16:46:03.9729|1|INFO|Microsoft.AspNetCore.Mvc.Infrastructure.ObjectResultExecutor|Executing ObjectResult, writing value of type 'System.String[]'. 
2018-07-27 16:46:03.9902|2|INFO|Microsoft.AspNetCore.Mvc.Internal.ControllerActionInvoker|Executed action SampleNetCoreWebApiTemplate.WebApi.Controllers.ValuesController.Get (SampleNetCoreWebApiTemplate.WebApi) in 49.0316ms 
2018-07-27 16:46:04.0130|2|INFO|Microsoft.AspNetCore.Hosting.Internal.WebHost|Request finished in 656.3701ms 200 application/json; charset=utf-8 
2018-07-27 16:46:08.1936|1|INFO|Microsoft.AspNetCore.Hosting.Internal.WebHost|Request starting HTTP/1.1 GET http://localhost:44318/index.html   
2018-07-27 16:46:08.2311|2|INFO|Microsoft.AspNetCore.Hosting.Internal.WebHost|Request finished in 37.4596ms 200 text/html 
2018-07-27 16:46:09.1755|1|INFO|Microsoft.AspNetCore.Hosting.Internal.WebHost|Request starting HTTP/1.1 GET http://localhost:44318/swagger/v1/swagger.json   
2018-07-27 16:46:09.4894|2|INFO|Microsoft.AspNetCore.Hosting.Internal.WebHost|Request finished in 313.9528ms 200 application/json;charset=utf-8 
2018-07-27 16:46:24.9607|1|INFO|Microsoft.AspNetCore.Hosting.Internal.WebHost|Request starting HTTP/1.1 POST http://localhost:44318/api/Authentication/api/Authentication/GetToken application/json-patch+json 42 
2018-07-27 16:46:24.9719|4|INFO|Microsoft.AspNetCore.Cors.Infrastructure.CorsService|Policy execution successful. 
2018-07-27 16:46:25.0137|1|INFO|Microsoft.AspNetCore.Mvc.Internal.ControllerActionInvoker|Route matched with {action = "GetToken", controller = "Authentication"}. Executing action SampleNetCoreWebApiTemplate.WebApi.Controllers.AuthenticationController.GetToken (SampleNetCoreWebApiTemplate.WebApi) 
2018-07-27 16:46:25.4667|1|INFO|Microsoft.AspNetCore.Mvc.Internal.ControllerActionInvoker|Executing action method SampleNetCoreWebApiTemplate.WebApi.Controllers.AuthenticationController.GetToken (SampleNetCoreWebApiTemplate.WebApi) with arguments (SampleNetCoreWebApiTemplate.Model.ViewModel.RequstTokenUserModel) - Validation state: Valid 
2018-07-27 16:46:25.4903|2|INFO|Microsoft.AspNetCore.Mvc.Internal.ControllerActionInvoker|Executed action method SampleNetCoreWebApiTemplate.WebApi.Controllers.AuthenticationController.GetToken (SampleNetCoreWebApiTemplate.WebApi), returned result Microsoft.AspNetCore.Mvc.ObjectResult in 18.2826ms. 
2018-07-27 16:46:25.5063|1|INFO|Microsoft.AspNetCore.Mvc.Infrastructure.ObjectResultExecutor|Executing ObjectResult, writing value of type 'SampleNetCoreWebApiTemplate.Model.ViewModel.ApiResult'. 
2018-07-27 16:46:25.5143|2|INFO|Microsoft.AspNetCore.Mvc.Internal.ControllerActionInvoker|Executed action SampleNetCoreWebApiTemplate.WebApi.Controllers.AuthenticationController.GetToken (SampleNetCoreWebApiTemplate.WebApi) in 499.9689ms 
2018-07-27 16:46:25.5143|2|INFO|Microsoft.AspNetCore.Hosting.Internal.WebHost|Request finished in 559.9767ms 200 application/json; charset=utf-8 
2018-07-27 16:46:44.5524|1|INFO|Microsoft.AspNetCore.Hosting.Internal.WebHost|Request starting HTTP/1.1 GET http://localhost:44318/api/Test/api/Test/GetAllUser   
2018-07-27 16:46:44.5722|1|INFO|Microsoft.AspNetCore.Mvc.Internal.ControllerActionInvoker|Route matched with {action = "GetAllUser", controller = "Test"}. Executing action SampleNetCoreWebApiTemplate.WebApi.Controllers.TestController.GetAllUser (SampleNetCoreWebApiTemplate.WebApi) 
2018-07-27 16:46:44.6007|2|INFO|Microsoft.AspNetCore.Authorization.DefaultAuthorizationService|Authorization failed. 
2018-07-27 16:46:44.6007|3|INFO|Microsoft.AspNetCore.Mvc.Internal.ControllerActionInvoker|Authorization failed for the request at filter 'Microsoft.AspNetCore.Mvc.Authorization.AuthorizeFilter'. 
2018-07-27 16:46:44.7010|1|INFO|Microsoft.AspNetCore.Mvc.ChallengeResult|Executing ChallengeResult with authentication schemes (). 
2018-07-27 16:46:44.7657|12|INFO|Microsoft.AspNetCore.Authentication.JwtBearer.JwtBearerHandler|AuthenticationScheme: Bearer was challenged. 
2018-07-27 16:46:44.7657|2|INFO|Microsoft.AspNetCore.Mvc.Internal.ControllerActionInvoker|Executed action SampleNetCoreWebApiTemplate.WebApi.Controllers.TestController.GetAllUser (SampleNetCoreWebApiTemplate.WebApi) in 193.3151ms 
2018-07-27 16:46:44.7657|2|INFO|Microsoft.AspNetCore.Hosting.Internal.WebHost|Request finished in 214.6201ms 401  
2018-07-27 16:47:28.8277|1|INFO|Microsoft.AspNetCore.Hosting.Internal.WebHost|Request starting HTTP/1.1 GET http://localhost:44318/swagger-ui-standalone-preset.js.map   
2018-07-27 16:47:28.8669|1|INFO|Microsoft.AspNetCore.Hosting.Internal.WebHost|Request starting HTTP/1.1 GET http://localhost:44318/swagger-ui-bundle.js.map   
2018-07-27 16:47:29.6796|1|INFO|Microsoft.AspNetCore.Hosting.Internal.WebHost|Request starting HTTP/1.1 GET http://localhost:44318/swagger-ui.css.map   
2018-07-27 16:47:29.6796|2|INFO|Microsoft.AspNetCore.StaticFiles.StaticFileMiddleware|Sending file. Request path: '/swagger-ui.css.map'. Physical path: 'N/A' 
2018-07-27 16:47:29.6892|2|INFO|Microsoft.AspNetCore.Hosting.Internal.WebHost|Request finished in 9.5829ms 200 text/plain 
2018-07-27 16:47:31.0169|2|INFO|Microsoft.AspNetCore.StaticFiles.StaticFileMiddleware|Sending file. Request path: '/swagger-ui-standalone-preset.js.map'. Physical path: 'N/A' 
2018-07-27 16:47:31.0663|2|INFO|Microsoft.AspNetCore.Hosting.Internal.WebHost|Request finished in 2238.6563ms 200 text/plain 
2018-07-27 16:47:31.9748|2|INFO|Microsoft.AspNetCore.StaticFiles.StaticFileMiddleware|Sending file. Request path: '/swagger-ui-bundle.js.map'. Physical path: 'N/A' 
2018-07-27 16:47:31.9748|2|INFO|Microsoft.AspNetCore.Hosting.Internal.WebHost|Request finished in 3108.6891ms 200 text/plain 
2018-07-27 16:47:40.5475|1|INFO|Microsoft.AspNetCore.Hosting.Internal.WebHost|Request starting HTTP/1.1 GET http://localhost:44318/api/Test/api/Test/GetAllUser   
2018-07-27 16:47:40.5475|1|INFO|Microsoft.AspNetCore.Mvc.Internal.ControllerActionInvoker|Route matched with {action = "GetAllUser", controller = "Test"}. Executing action SampleNetCoreWebApiTemplate.WebApi.Controllers.TestController.GetAllUser (SampleNetCoreWebApiTemplate.WebApi) 
2018-07-27 16:47:40.5475|2|INFO|Microsoft.AspNetCore.Authorization.DefaultAuthorizationService|Authorization failed. 
2018-07-27 16:47:40.5475|3|INFO|Microsoft.AspNetCore.Mvc.Internal.ControllerActionInvoker|Authorization failed for the request at filter 'Microsoft.AspNetCore.Mvc.Authorization.AuthorizeFilter'. 
2018-07-27 16:47:40.5475|1|INFO|Microsoft.AspNetCore.Mvc.ChallengeResult|Executing ChallengeResult with authentication schemes (). 
2018-07-27 16:47:40.5475|12|INFO|Microsoft.AspNetCore.Authentication.JwtBearer.JwtBearerHandler|AuthenticationScheme: Bearer was challenged. 
2018-07-27 16:47:40.5475|2|INFO|Microsoft.AspNetCore.Mvc.Internal.ControllerActionInvoker|Executed action SampleNetCoreWebApiTemplate.WebApi.Controllers.TestController.GetAllUser (SampleNetCoreWebApiTemplate.WebApi) in 6.475ms 
2018-07-27 16:47:40.5475|2|INFO|Microsoft.AspNetCore.Hosting.Internal.WebHost|Request finished in 11.0494ms 401  
2018-07-27 16:50:20.4316||INFO|SampleNetCoreWebApiTemplate.WebApi.Program|服务开始启动... 
2018-07-27 16:50:22.0793||INFO|Microsoft.AspNetCore.DataProtection.KeyManagement.XmlKeyManager|User profile is available. Using 'C:\Users\douxinyu.APJ\AppData\Local\ASP.NET\DataProtection-Keys' as key repository and Windows DPAPI to encrypt keys at rest. 
2018-07-27 16:50:23.0045|1|INFO|Microsoft.AspNetCore.Hosting.Internal.WebHost|Request starting HTTP/1.1 DEBUG http://localhost:3467/  0 
2018-07-27 16:50:23.0045|1|INFO|Microsoft.AspNetCore.Hosting.Internal.WebHost|Request starting HTTP/1.1 GET http://localhost:44318/api/values   
2018-07-27 16:50:23.1625|2|INFO|Microsoft.AspNetCore.Hosting.Internal.WebHost|Request finished in 158.6803ms 200  
2018-07-27 16:50:23.6674|1|INFO|Microsoft.AspNetCore.Mvc.Internal.ControllerActionInvoker|Route matched with {action = "Get", controller = "Values"}. Executing action SampleNetCoreWebApiTemplate.WebApi.Controllers.ValuesController.Get (SampleNetCoreWebApiTemplate.WebApi) 
2018-07-27 16:50:23.6855|1|INFO|Microsoft.AspNetCore.Mvc.Internal.ControllerActionInvoker|Executing action method SampleNetCoreWebApiTemplate.WebApi.Controllers.ValuesController.Get (SampleNetCoreWebApiTemplate.WebApi) - Validation state: Valid 
2018-07-27 16:50:23.6957|2|INFO|Microsoft.AspNetCore.Mvc.Internal.ControllerActionInvoker|Executed action method SampleNetCoreWebApiTemplate.WebApi.Controllers.ValuesController.Get (SampleNetCoreWebApiTemplate.WebApi), returned result Microsoft.AspNetCore.Mvc.ObjectResult in 2.1872ms. 
2018-07-27 16:50:23.7123|1|INFO|Microsoft.AspNetCore.Mvc.Infrastructure.ObjectResultExecutor|Executing ObjectResult, writing value of type 'System.String[]'. 
2018-07-27 16:50:23.7325|2|INFO|Microsoft.AspNetCore.Mvc.Internal.ControllerActionInvoker|Executed action SampleNetCoreWebApiTemplate.WebApi.Controllers.ValuesController.Get (SampleNetCoreWebApiTemplate.WebApi) in 58.6104ms 
2018-07-27 16:50:23.7484|2|INFO|Microsoft.AspNetCore.Hosting.Internal.WebHost|Request finished in 745.2912ms 200 application/json; charset=utf-8 
2018-07-27 16:50:45.7356|1|INFO|Microsoft.AspNetCore.Hosting.Internal.WebHost|Request starting HTTP/1.1 GET http://localhost:44318/index.html   
2018-07-27 16:50:45.7735|2|INFO|Microsoft.AspNetCore.Hosting.Internal.WebHost|Request finished in 37.9947ms 200 text/html 
2018-07-27 16:50:46.7880|1|INFO|Microsoft.AspNetCore.Hosting.Internal.WebHost|Request starting HTTP/1.1 GET http://localhost:44318/swagger/v1/swagger.json   
2018-07-27 16:50:47.1087|2|INFO|Microsoft.AspNetCore.Hosting.Internal.WebHost|Request finished in 320.7617ms 200 application/json;charset=utf-8 
2018-07-27 16:51:08.0162|1|INFO|Microsoft.AspNetCore.Hosting.Internal.WebHost|Request starting HTTP/1.1 POST http://localhost:44318/api/Authentication/api/Authentication/GetToken application/json-patch+json 42 
2018-07-27 16:51:08.0162|4|INFO|Microsoft.AspNetCore.Cors.Infrastructure.CorsService|Policy execution successful. 
2018-07-27 16:51:08.0785|1|INFO|Microsoft.AspNetCore.Mvc.Internal.ControllerActionInvoker|Route matched with {action = "GetToken", controller = "Authentication"}. Executing action SampleNetCoreWebApiTemplate.WebApi.Controllers.AuthenticationController.GetToken (SampleNetCoreWebApiTemplate.WebApi) 
2018-07-27 16:51:08.3456|1|INFO|Microsoft.AspNetCore.Mvc.Internal.ControllerActionInvoker|Executing action method SampleNetCoreWebApiTemplate.WebApi.Controllers.AuthenticationController.GetToken (SampleNetCoreWebApiTemplate.WebApi) with arguments (SampleNetCoreWebApiTemplate.Model.ViewModel.RequstTokenUserModel) - Validation state: Valid 
2018-07-27 16:51:08.3456|2|INFO|Microsoft.AspNetCore.Mvc.Internal.ControllerActionInvoker|Executed action method SampleNetCoreWebApiTemplate.WebApi.Controllers.AuthenticationController.GetToken (SampleNetCoreWebApiTemplate.WebApi), returned result Microsoft.AspNetCore.Mvc.ObjectResult in 9.7839ms. 
2018-07-27 16:51:08.3456|1|INFO|Microsoft.AspNetCore.Mvc.Infrastructure.ObjectResultExecutor|Executing ObjectResult, writing value of type 'System.String'. 
2018-07-27 16:51:08.3456|2|INFO|Microsoft.AspNetCore.Mvc.Internal.ControllerActionInvoker|Executed action SampleNetCoreWebApiTemplate.WebApi.Controllers.AuthenticationController.GetToken (SampleNetCoreWebApiTemplate.WebApi) in 280.2304ms 
2018-07-27 16:51:08.3624|2|INFO|Microsoft.AspNetCore.Hosting.Internal.WebHost|Request finished in 346.1794ms 200 text/plain; charset=utf-8 
2018-07-27 16:53:00.5837|1|INFO|Microsoft.AspNetCore.Hosting.Internal.WebHost|Request starting HTTP/1.1 GET http://localhost:44318/api/Test/api/Test/GetAllUser   
2018-07-27 16:53:00.6259|1|INFO|Microsoft.AspNetCore.Mvc.Internal.ControllerActionInvoker|Route matched with {action = "GetAllUser", controller = "Test"}. Executing action SampleNetCoreWebApiTemplate.WebApi.Controllers.TestController.GetAllUser (SampleNetCoreWebApiTemplate.WebApi) 
2018-07-27 16:53:00.6479|2|INFO|Microsoft.AspNetCore.Authorization.DefaultAuthorizationService|Authorization failed. 
2018-07-27 16:53:00.6479|3|INFO|Microsoft.AspNetCore.Mvc.Internal.ControllerActionInvoker|Authorization failed for the request at filter 'Microsoft.AspNetCore.Mvc.Authorization.AuthorizeFilter'. 
2018-07-27 16:53:00.6589|1|INFO|Microsoft.AspNetCore.Mvc.ChallengeResult|Executing ChallengeResult with authentication schemes (). 
2018-07-27 16:53:00.6589|12|INFO|Microsoft.AspNetCore.Authentication.JwtBearer.JwtBearerHandler|AuthenticationScheme: Bearer was challenged. 
2018-07-27 16:53:00.6589|2|INFO|Microsoft.AspNetCore.Mvc.Internal.ControllerActionInvoker|Executed action SampleNetCoreWebApiTemplate.WebApi.Controllers.TestController.GetAllUser (SampleNetCoreWebApiTemplate.WebApi) in 41.5212ms 
2018-07-27 16:53:00.6589|2|INFO|Microsoft.AspNetCore.Hosting.Internal.WebHost|Request finished in 86.4112ms 401  
2018-07-27 16:53:06.3368|1|INFO|Microsoft.AspNetCore.Hosting.Internal.WebHost|Request starting HTTP/1.1 GET http://localhost:44318/api/Test/api/Test/GetAllUser   
2018-07-27 16:53:06.3368|1|INFO|Microsoft.AspNetCore.Mvc.Internal.ControllerActionInvoker|Route matched with {action = "GetAllUser", controller = "Test"}. Executing action SampleNetCoreWebApiTemplate.WebApi.Controllers.TestController.GetAllUser (SampleNetCoreWebApiTemplate.WebApi) 
2018-07-27 16:53:06.3368|2|INFO|Microsoft.AspNetCore.Authorization.DefaultAuthorizationService|Authorization failed. 
2018-07-27 16:53:06.3368|3|INFO|Microsoft.AspNetCore.Mvc.Internal.ControllerActionInvoker|Authorization failed for the request at filter 'Microsoft.AspNetCore.Mvc.Authorization.AuthorizeFilter'. 
2018-07-27 16:53:06.3368|1|INFO|Microsoft.AspNetCore.Mvc.ChallengeResult|Executing ChallengeResult with authentication schemes (). 
2018-07-27 16:53:06.3368|12|INFO|Microsoft.AspNetCore.Authentication.JwtBearer.JwtBearerHandler|AuthenticationScheme: Bearer was challenged. 
2018-07-27 16:53:06.3368|2|INFO|Microsoft.AspNetCore.Mvc.Internal.ControllerActionInvoker|Executed action SampleNetCoreWebApiTemplate.WebApi.Controllers.TestController.GetAllUser (SampleNetCoreWebApiTemplate.WebApi) in 4.047ms 
2018-07-27 16:53:06.3444|2|INFO|Microsoft.AspNetCore.Hosting.Internal.WebHost|Request finished in 7.5826ms 401  
2018-07-27 16:53:07.2339|1|INFO|Microsoft.AspNetCore.Hosting.Internal.WebHost|Request starting HTTP/1.1 GET http://localhost:44318/api/Test/api/Test/GetAllUser   
2018-07-27 16:53:07.2381|1|INFO|Microsoft.AspNetCore.Mvc.Internal.ControllerActionInvoker|Route matched with {action = "GetAllUser", controller = "Test"}. Executing action SampleNetCoreWebApiTemplate.WebApi.Controllers.TestController.GetAllUser (SampleNetCoreWebApiTemplate.WebApi) 
2018-07-27 16:53:07.2381|2|INFO|Microsoft.AspNetCore.Authorization.DefaultAuthorizationService|Authorization failed. 
2018-07-27 16:53:07.2381|3|INFO|Microsoft.AspNetCore.Mvc.Internal.ControllerActionInvoker|Authorization failed for the request at filter 'Microsoft.AspNetCore.Mvc.Authorization.AuthorizeFilter'. 
2018-07-27 16:53:07.2381|1|INFO|Microsoft.AspNetCore.Mvc.ChallengeResult|Executing ChallengeResult with authentication schemes (). 
2018-07-27 16:53:07.2381|12|INFO|Microsoft.AspNetCore.Authentication.JwtBearer.JwtBearerHandler|AuthenticationScheme: Bearer was challenged. 
2018-07-27 16:53:07.2381|2|INFO|Microsoft.AspNetCore.Mvc.Internal.ControllerActionInvoker|Executed action SampleNetCoreWebApiTemplate.WebApi.Controllers.TestController.GetAllUser (SampleNetCoreWebApiTemplate.WebApi) in 2.4948ms 
2018-07-27 16:53:07.2381|2|INFO|Microsoft.AspNetCore.Hosting.Internal.WebHost|Request finished in 8.4371ms 401  
2018-07-27 16:53:07.8421|1|INFO|Microsoft.AspNetCore.Hosting.Internal.WebHost|Request starting HTTP/1.1 GET http://localhost:44318/api/Test/api/Test/GetAllUser   
2018-07-27 16:53:07.8421|1|INFO|Microsoft.AspNetCore.Mvc.Internal.ControllerActionInvoker|Route matched with {action = "GetAllUser", controller = "Test"}. Executing action SampleNetCoreWebApiTemplate.WebApi.Controllers.TestController.GetAllUser (SampleNetCoreWebApiTemplate.WebApi) 
2018-07-27 16:53:07.8421|2|INFO|Microsoft.AspNetCore.Authorization.DefaultAuthorizationService|Authorization failed. 
2018-07-27 16:53:07.8446|3|INFO|Microsoft.AspNetCore.Mvc.Internal.ControllerActionInvoker|Authorization failed for the request at filter 'Microsoft.AspNetCore.Mvc.Authorization.AuthorizeFilter'. 
2018-07-27 16:53:07.8446|1|INFO|Microsoft.AspNetCore.Mvc.ChallengeResult|Executing ChallengeResult with authentication schemes (). 
2018-07-27 16:53:07.8446|12|INFO|Microsoft.AspNetCore.Authentication.JwtBearer.JwtBearerHandler|AuthenticationScheme: Bearer was challenged. 
2018-07-27 16:53:07.8446|2|INFO|Microsoft.AspNetCore.Mvc.Internal.ControllerActionInvoker|Executed action SampleNetCoreWebApiTemplate.WebApi.Controllers.TestController.GetAllUser (SampleNetCoreWebApiTemplate.WebApi) in 3.913ms 
2018-07-27 16:53:07.8446|2|INFO|Microsoft.AspNetCore.Hosting.Internal.WebHost|Request finished in 6.4217ms 401  
2018-07-27 16:53:08.4283|1|INFO|Microsoft.AspNetCore.Hosting.Internal.WebHost|Request starting HTTP/1.1 GET http://localhost:44318/api/Test/api/Test/GetAllUser   
2018-07-27 16:53:08.4283|1|INFO|Microsoft.AspNetCore.Mvc.Internal.ControllerActionInvoker|Route matched with {action = "GetAllUser", controller = "Test"}. Executing action SampleNetCoreWebApiTemplate.WebApi.Controllers.TestController.GetAllUser (SampleNetCoreWebApiTemplate.WebApi) 
2018-07-27 16:53:08.4283|2|INFO|Microsoft.AspNetCore.Authorization.DefaultAuthorizationService|Authorization failed. 
2018-07-27 16:53:08.4283|3|INFO|Microsoft.AspNetCore.Mvc.Internal.ControllerActionInvoker|Authorization failed for the request at filter 'Microsoft.AspNetCore.Mvc.Authorization.AuthorizeFilter'. 
2018-07-27 16:53:08.4283|1|INFO|Microsoft.AspNetCore.Mvc.ChallengeResult|Executing ChallengeResult with authentication schemes (). 
2018-07-27 16:53:08.4283|12|INFO|Microsoft.AspNetCore.Authentication.JwtBearer.JwtBearerHandler|AuthenticationScheme: Bearer was challenged. 
2018-07-27 16:53:08.4283|2|INFO|Microsoft.AspNetCore.Mvc.Internal.ControllerActionInvoker|Executed action SampleNetCoreWebApiTemplate.WebApi.Controllers.TestController.GetAllUser (SampleNetCoreWebApiTemplate.WebApi) in 3.2613ms 
2018-07-27 16:53:08.4283|2|INFO|Microsoft.AspNetCore.Hosting.Internal.WebHost|Request finished in 5.5539ms 401  
2018-07-27 16:53:08.9931|1|INFO|Microsoft.AspNetCore.Hosting.Internal.WebHost|Request starting HTTP/1.1 GET http://localhost:44318/api/Test/api/Test/GetAllUser   
2018-07-27 16:53:08.9931|1|INFO|Microsoft.AspNetCore.Mvc.Internal.ControllerActionInvoker|Route matched with {action = "GetAllUser", controller = "Test"}. Executing action SampleNetCoreWebApiTemplate.WebApi.Controllers.TestController.GetAllUser (SampleNetCoreWebApiTemplate.WebApi) 
2018-07-27 16:53:08.9931|2|INFO|Microsoft.AspNetCore.Authorization.DefaultAuthorizationService|Authorization failed. 
2018-07-27 16:53:08.9931|3|INFO|Microsoft.AspNetCore.Mvc.Internal.ControllerActionInvoker|Authorization failed for the request at filter 'Microsoft.AspNetCore.Mvc.Authorization.AuthorizeFilter'. 
2018-07-27 16:53:08.9931|1|INFO|Microsoft.AspNetCore.Mvc.ChallengeResult|Executing ChallengeResult with authentication schemes (). 
2018-07-27 16:53:08.9931|12|INFO|Microsoft.AspNetCore.Authentication.JwtBearer.JwtBearerHandler|AuthenticationScheme: Bearer was challenged. 
2018-07-27 16:53:08.9931|2|INFO|Microsoft.AspNetCore.Mvc.Internal.ControllerActionInvoker|Executed action SampleNetCoreWebApiTemplate.WebApi.Controllers.TestController.GetAllUser (SampleNetCoreWebApiTemplate.WebApi) in 2.5525ms 
2018-07-27 16:53:08.9931|2|INFO|Microsoft.AspNetCore.Hosting.Internal.WebHost|Request finished in 4.882ms 401  
2018-07-27 16:53:09.5786|1|INFO|Microsoft.AspNetCore.Hosting.Internal.WebHost|Request starting HTTP/1.1 GET http://localhost:44318/api/Test/api/Test/GetAllUser   
2018-07-27 16:53:09.5798|1|INFO|Microsoft.AspNetCore.Mvc.Internal.ControllerActionInvoker|Route matched with {action = "GetAllUser", controller = "Test"}. Executing action SampleNetCoreWebApiTemplate.WebApi.Controllers.TestController.GetAllUser (SampleNetCoreWebApiTemplate.WebApi) 
2018-07-27 16:53:09.5798|2|INFO|Microsoft.AspNetCore.Authorization.DefaultAuthorizationService|Authorization failed. 
2018-07-27 16:53:09.5798|3|INFO|Microsoft.AspNetCore.Mvc.Internal.ControllerActionInvoker|Authorization failed for the request at filter 'Microsoft.AspNetCore.Mvc.Authorization.AuthorizeFilter'. 
2018-07-27 16:53:09.5798|1|INFO|Microsoft.AspNetCore.Mvc.ChallengeResult|Executing ChallengeResult with authentication schemes (). 
2018-07-27 16:53:09.5798|12|INFO|Microsoft.AspNetCore.Authentication.JwtBearer.JwtBearerHandler|AuthenticationScheme: Bearer was challenged. 
2018-07-27 16:53:09.5798|2|INFO|Microsoft.AspNetCore.Mvc.Internal.ControllerActionInvoker|Executed action SampleNetCoreWebApiTemplate.WebApi.Controllers.TestController.GetAllUser (SampleNetCoreWebApiTemplate.WebApi) in 11.1295ms 
2018-07-27 16:53:09.5798|2|INFO|Microsoft.AspNetCore.Hosting.Internal.WebHost|Request finished in 13.7444ms 401  
2018-07-27 16:53:10.2344|1|INFO|Microsoft.AspNetCore.Hosting.Internal.WebHost|Request starting HTTP/1.1 GET http://localhost:44318/api/Test/api/Test/GetAllUser   
2018-07-27 16:53:10.2358|1|INFO|Microsoft.AspNetCore.Mvc.Internal.ControllerActionInvoker|Route matched with {action = "GetAllUser", controller = "Test"}. Executing action SampleNetCoreWebApiTemplate.WebApi.Controllers.TestController.GetAllUser (SampleNetCoreWebApiTemplate.WebApi) 
2018-07-27 16:53:10.2358|2|INFO|Microsoft.AspNetCore.Authorization.DefaultAuthorizationService|Authorization failed. 
2018-07-27 16:53:10.2358|3|INFO|Microsoft.AspNetCore.Mvc.Internal.ControllerActionInvoker|Authorization failed for the request at filter 'Microsoft.AspNetCore.Mvc.Authorization.AuthorizeFilter'. 
2018-07-27 16:53:10.2358|1|INFO|Microsoft.AspNetCore.Mvc.ChallengeResult|Executing ChallengeResult with authentication schemes (). 
2018-07-27 16:53:10.2358|12|INFO|Microsoft.AspNetCore.Authentication.JwtBearer.JwtBearerHandler|AuthenticationScheme: Bearer was challenged. 
2018-07-27 16:53:10.2358|2|INFO|Microsoft.AspNetCore.Mvc.Internal.ControllerActionInvoker|Executed action SampleNetCoreWebApiTemplate.WebApi.Controllers.TestController.GetAllUser (SampleNetCoreWebApiTemplate.WebApi) in 1.5914ms 
2018-07-27 16:53:10.2358|2|INFO|Microsoft.AspNetCore.Hosting.Internal.WebHost|Request finished in 4.0288ms 401  
2018-07-27 16:53:10.8696|1|INFO|Microsoft.AspNetCore.Hosting.Internal.WebHost|Request starting HTTP/1.1 GET http://localhost:44318/api/Test/api/Test/GetAllUser   
2018-07-27 16:53:10.8696|1|INFO|Microsoft.AspNetCore.Mvc.Internal.ControllerActionInvoker|Route matched with {action = "GetAllUser", controller = "Test"}. Executing action SampleNetCoreWebApiTemplate.WebApi.Controllers.TestController.GetAllUser (SampleNetCoreWebApiTemplate.WebApi) 
2018-07-27 16:53:10.8696|2|INFO|Microsoft.AspNetCore.Authorization.DefaultAuthorizationService|Authorization failed. 
2018-07-27 16:53:10.8696|3|INFO|Microsoft.AspNetCore.Mvc.Internal.ControllerActionInvoker|Authorization failed for the request at filter 'Microsoft.AspNetCore.Mvc.Authorization.AuthorizeFilter'. 
2018-07-27 16:53:10.8773|1|INFO|Microsoft.AspNetCore.Mvc.ChallengeResult|Executing ChallengeResult with authentication schemes (). 
2018-07-27 16:53:10.8773|12|INFO|Microsoft.AspNetCore.Authentication.JwtBearer.JwtBearerHandler|AuthenticationScheme: Bearer was challenged. 
2018-07-27 16:53:10.8773|2|INFO|Microsoft.AspNetCore.Mvc.Internal.ControllerActionInvoker|Executed action SampleNetCoreWebApiTemplate.WebApi.Controllers.TestController.GetAllUser (SampleNetCoreWebApiTemplate.WebApi) in 4.9025ms 
2018-07-27 16:53:10.8773|2|INFO|Microsoft.AspNetCore.Hosting.Internal.WebHost|Request finished in 10.4973ms 401  
2018-07-27 16:54:43.0347|1|INFO|Microsoft.AspNetCore.Hosting.Internal.WebHost|Request starting HTTP/1.1 GET http://localhost:44318/api/Test/api/Test/GetAllUser   
2018-07-27 16:54:43.0542|1|INFO|Microsoft.AspNetCore.Mvc.Internal.ControllerActionInvoker|Route matched with {action = "GetAllUser", controller = "Test"}. Executing action SampleNetCoreWebApiTemplate.WebApi.Controllers.TestController.GetAllUser (SampleNetCoreWebApiTemplate.WebApi) 
2018-07-27 16:54:43.0542|2|INFO|Microsoft.AspNetCore.Authorization.DefaultAuthorizationService|Authorization failed. 
2018-07-27 16:54:43.0643|3|INFO|Microsoft.AspNetCore.Mvc.Internal.ControllerActionInvoker|Authorization failed for the request at filter 'Microsoft.AspNetCore.Mvc.Authorization.AuthorizeFilter'. 
2018-07-27 16:54:43.0643|1|INFO|Microsoft.AspNetCore.Mvc.ChallengeResult|Executing ChallengeResult with authentication schemes (). 
2018-07-27 16:54:43.0643|12|INFO|Microsoft.AspNetCore.Authentication.JwtBearer.JwtBearerHandler|AuthenticationScheme: Bearer was challenged. 
2018-07-27 16:54:43.0643|2|INFO|Microsoft.AspNetCore.Mvc.Internal.ControllerActionInvoker|Executed action SampleNetCoreWebApiTemplate.WebApi.Controllers.TestController.GetAllUser (SampleNetCoreWebApiTemplate.WebApi) in 2.6995ms 
2018-07-27 16:54:43.0643|2|INFO|Microsoft.AspNetCore.Hosting.Internal.WebHost|Request finished in 39.043ms 401  
2018-07-27 16:54:54.5132|1|INFO|Microsoft.AspNetCore.Hosting.Internal.WebHost|Request starting HTTP/1.1 GET http://localhost:44318/api/Test/api/Test/GetAllUser   
2018-07-27 16:54:54.5132|1|INFO|Microsoft.AspNetCore.Mvc.Internal.ControllerActionInvoker|Route matched with {action = "GetAllUser", controller = "Test"}. Executing action SampleNetCoreWebApiTemplate.WebApi.Controllers.TestController.GetAllUser (SampleNetCoreWebApiTemplate.WebApi) 
2018-07-27 16:54:54.5132|2|INFO|Microsoft.AspNetCore.Authorization.DefaultAuthorizationService|Authorization failed. 
2018-07-27 16:54:54.5132|3|INFO|Microsoft.AspNetCore.Mvc.Internal.ControllerActionInvoker|Authorization failed for the request at filter 'Microsoft.AspNetCore.Mvc.Authorization.AuthorizeFilter'. 
2018-07-27 16:54:54.5175|1|INFO|Microsoft.AspNetCore.Mvc.ChallengeResult|Executing ChallengeResult with authentication schemes (). 
2018-07-27 16:54:54.5175|12|INFO|Microsoft.AspNetCore.Authentication.JwtBearer.JwtBearerHandler|AuthenticationScheme: Bearer was challenged. 
2018-07-27 16:54:54.5175|2|INFO|Microsoft.AspNetCore.Mvc.Internal.ControllerActionInvoker|Executed action SampleNetCoreWebApiTemplate.WebApi.Controllers.TestController.GetAllUser (SampleNetCoreWebApiTemplate.WebApi) in 4.5751ms 
2018-07-27 16:54:54.5175|2|INFO|Microsoft.AspNetCore.Hosting.Internal.WebHost|Request finished in 8.2636ms 401  
2018-07-27 16:58:23.4763||INFO|SampleNetCoreWebApiTemplate.WebApi.Program|服务开始启动... 
2018-07-27 16:58:27.7290||INFO|Microsoft.AspNetCore.DataProtection.KeyManagement.XmlKeyManager|User profile is available. Using 'C:\Users\douxinyu.APJ\AppData\Local\ASP.NET\DataProtection-Keys' as key repository and Windows DPAPI to encrypt keys at rest. 
2018-07-27 16:58:28.9925|1|INFO|Microsoft.AspNetCore.Hosting.Internal.WebHost|Request starting HTTP/1.1 DEBUG http://localhost:3467/  0 
2018-07-27 16:58:28.9925|1|INFO|Microsoft.AspNetCore.Hosting.Internal.WebHost|Request starting HTTP/1.1 GET http://localhost:44318/api/values   
2018-07-27 16:58:29.1254|2|INFO|Microsoft.AspNetCore.Hosting.Internal.WebHost|Request finished in 129.6132ms 200  
2018-07-27 16:58:29.5767|1|INFO|Microsoft.AspNetCore.Mvc.Internal.ControllerActionInvoker|Route matched with {action = "Get", controller = "Values"}. Executing action SampleNetCoreWebApiTemplate.WebApi.Controllers.ValuesController.Get (SampleNetCoreWebApiTemplate.WebApi) 
2018-07-27 16:58:29.5953|1|INFO|Microsoft.AspNetCore.Mvc.Internal.ControllerActionInvoker|Executing action method SampleNetCoreWebApiTemplate.WebApi.Controllers.ValuesController.Get (SampleNetCoreWebApiTemplate.WebApi) - Validation state: Valid 
2018-07-27 16:58:29.6045|2|INFO|Microsoft.AspNetCore.Mvc.Internal.ControllerActionInvoker|Executed action method SampleNetCoreWebApiTemplate.WebApi.Controllers.ValuesController.Get (SampleNetCoreWebApiTemplate.WebApi), returned result Microsoft.AspNetCore.Mvc.ObjectResult in 1.2446ms. 
2018-07-27 16:58:29.6215|1|INFO|Microsoft.AspNetCore.Mvc.Infrastructure.ObjectResultExecutor|Executing ObjectResult, writing value of type 'System.String[]'. 
2018-07-27 16:58:29.6391|2|INFO|Microsoft.AspNetCore.Mvc.Internal.ControllerActionInvoker|Executed action SampleNetCoreWebApiTemplate.WebApi.Controllers.ValuesController.Get (SampleNetCoreWebApiTemplate.WebApi) in 55.0945ms 
2018-07-27 16:58:29.6494|2|INFO|Microsoft.AspNetCore.Hosting.Internal.WebHost|Request finished in 658.3894ms 200 application/json; charset=utf-8 
2018-07-27 16:59:09.1961|1|INFO|Microsoft.AspNetCore.Hosting.Internal.WebHost|Request starting HTTP/1.1 GET http://localhost:44318/index.html   
2018-07-27 16:59:09.2377|2|INFO|Microsoft.AspNetCore.Hosting.Internal.WebHost|Request finished in 41.6191ms 200 text/html 
2018-07-27 16:59:10.3374|1|INFO|Microsoft.AspNetCore.Hosting.Internal.WebHost|Request starting HTTP/1.1 GET http://localhost:44318/swagger/v1/swagger.json   
2018-07-27 16:59:10.8807|2|INFO|Microsoft.AspNetCore.Hosting.Internal.WebHost|Request finished in 543.3379ms 200 application/json;charset=utf-8 
2018-07-27 16:59:34.2565|1|INFO|Microsoft.AspNetCore.Hosting.Internal.WebHost|Request starting HTTP/1.1 POST http://localhost:44318/api/Authentication/api/Authentication/GetToken application/json-patch+json 42 
2018-07-27 16:59:34.2565|4|INFO|Microsoft.AspNetCore.Cors.Infrastructure.CorsService|Policy execution successful. 
2018-07-27 16:59:34.3242|1|INFO|Microsoft.AspNetCore.Mvc.Internal.ControllerActionInvoker|Route matched with {action = "GetToken", controller = "Authentication"}. Executing action SampleNetCoreWebApiTemplate.WebApi.Controllers.AuthenticationController.GetToken (SampleNetCoreWebApiTemplate.WebApi) 
2018-07-27 16:59:34.5817|1|INFO|Microsoft.AspNetCore.Mvc.Internal.ControllerActionInvoker|Executing action method SampleNetCoreWebApiTemplate.WebApi.Controllers.AuthenticationController.GetToken (SampleNetCoreWebApiTemplate.WebApi) with arguments (SampleNetCoreWebApiTemplate.Model.ViewModel.RequstTokenUserModel) - Validation state: Valid 
2018-07-27 16:59:34.6066|2|INFO|Microsoft.AspNetCore.Mvc.Internal.ControllerActionInvoker|Executed action method SampleNetCoreWebApiTemplate.WebApi.Controllers.AuthenticationController.GetToken (SampleNetCoreWebApiTemplate.WebApi), returned result Microsoft.AspNetCore.Mvc.ObjectResult in 8.6403ms. 
2018-07-27 16:59:34.6066|1|INFO|Microsoft.AspNetCore.Mvc.Infrastructure.ObjectResultExecutor|Executing ObjectResult, writing value of type 'System.String'. 
2018-07-27 16:59:34.6066|2|INFO|Microsoft.AspNetCore.Mvc.Internal.ControllerActionInvoker|Executed action SampleNetCoreWebApiTemplate.WebApi.Controllers.AuthenticationController.GetToken (SampleNetCoreWebApiTemplate.WebApi) in 284.8346ms 
2018-07-27 16:59:34.6066|2|INFO|Microsoft.AspNetCore.Hosting.Internal.WebHost|Request finished in 354.355ms 200 text/plain; charset=utf-8 
2018-07-27 17:00:16.6720|1|INFO|Microsoft.AspNetCore.Hosting.Internal.WebHost|Request starting HTTP/1.1 GET http://localhost:44318/api/Test/api/Test/GetAllUser   
2018-07-27 17:00:17.0740|2|INFO|Microsoft.AspNetCore.Authentication.JwtBearer.JwtBearerHandler|Successfully validated the token. 
2018-07-27 17:00:17.1213|1|INFO|Microsoft.AspNetCore.Mvc.Internal.ControllerActionInvoker|Route matched with {action = "GetAllUser", controller = "Test"}. Executing action SampleNetCoreWebApiTemplate.WebApi.Controllers.TestController.GetAllUser (SampleNetCoreWebApiTemplate.WebApi) 
2018-07-27 17:00:17.1462|1|INFO|Microsoft.AspNetCore.Authorization.DefaultAuthorizationService|Authorization was successful. 
2018-07-27 17:00:17.1462|1|INFO|Microsoft.AspNetCore.Mvc.Internal.ControllerActionInvoker|Executing action method SampleNetCoreWebApiTemplate.WebApi.Controllers.TestController.GetAllUser (SampleNetCoreWebApiTemplate.WebApi) - Validation state: Valid 
2018-07-27 17:02:49.3643||INFO|SampleNetCoreWebApiTemplate.WebApi.Program|服务开始启动... 
2018-07-27 17:02:51.2650||INFO|Microsoft.AspNetCore.DataProtection.KeyManagement.XmlKeyManager|User profile is available. Using 'C:\Users\douxinyu.APJ\AppData\Local\ASP.NET\DataProtection-Keys' as key repository and Windows DPAPI to encrypt keys at rest. 
2018-07-27 17:02:52.1769|1|INFO|Microsoft.AspNetCore.Hosting.Internal.WebHost|Request starting HTTP/1.1 GET http://localhost:44318/api/values   
2018-07-27 17:02:52.1769|1|INFO|Microsoft.AspNetCore.Hosting.Internal.WebHost|Request starting HTTP/1.1 DEBUG http://localhost:3467/  0 
2018-07-27 17:02:52.2751|2|INFO|Microsoft.AspNetCore.Hosting.Internal.WebHost|Request finished in 95.1851ms 200  
2018-07-27 17:02:52.8181|1|INFO|Microsoft.AspNetCore.Mvc.Internal.ControllerActionInvoker|Route matched with {action = "Get", controller = "Values"}. Executing action SampleNetCoreWebApiTemplate.WebApi.Controllers.ValuesController.Get (SampleNetCoreWebApiTemplate.WebApi) 
2018-07-27 17:02:52.8341|1|INFO|Microsoft.AspNetCore.Mvc.Internal.ControllerActionInvoker|Executing action method SampleNetCoreWebApiTemplate.WebApi.Controllers.ValuesController.Get (SampleNetCoreWebApiTemplate.WebApi) - Validation state: Valid 
2018-07-27 17:02:52.8393|2|INFO|Microsoft.AspNetCore.Mvc.Internal.ControllerActionInvoker|Executed action method SampleNetCoreWebApiTemplate.WebApi.Controllers.ValuesController.Get (SampleNetCoreWebApiTemplate.WebApi), returned result Microsoft.AspNetCore.Mvc.ObjectResult in 0.5751ms. 
2018-07-27 17:02:52.8552|1|INFO|Microsoft.AspNetCore.Mvc.Infrastructure.ObjectResultExecutor|Executing ObjectResult, writing value of type 'System.String[]'. 
2018-07-27 17:02:52.8760|2|INFO|Microsoft.AspNetCore.Mvc.Internal.ControllerActionInvoker|Executed action SampleNetCoreWebApiTemplate.WebApi.Controllers.ValuesController.Get (SampleNetCoreWebApiTemplate.WebApi) in 50.2249ms 
2018-07-27 17:02:52.8938|2|INFO|Microsoft.AspNetCore.Hosting.Internal.WebHost|Request finished in 717.8323ms 200 application/json; charset=utf-8 
2018-07-27 17:02:57.0233|1|INFO|Microsoft.AspNetCore.Hosting.Internal.WebHost|Request starting HTTP/1.1 GET http://localhost:44318/index.html   
2018-07-27 17:02:57.0638|2|INFO|Microsoft.AspNetCore.Hosting.Internal.WebHost|Request finished in 40.5852ms 200 text/html 
2018-07-27 17:02:58.2549|1|INFO|Microsoft.AspNetCore.Hosting.Internal.WebHost|Request starting HTTP/1.1 GET http://localhost:44318/swagger/v1/swagger.json   
2018-07-27 17:02:58.5729|2|INFO|Microsoft.AspNetCore.Hosting.Internal.WebHost|Request finished in 318.0424ms 200 application/json;charset=utf-8 
2018-07-27 17:03:14.4014|1|INFO|Microsoft.AspNetCore.Hosting.Internal.WebHost|Request starting HTTP/1.1 POST http://localhost:44318/api/Authentication/api/Authentication/GetToken application/json-patch+json 42 
2018-07-27 17:03:14.4138|4|INFO|Microsoft.AspNetCore.Cors.Infrastructure.CorsService|Policy execution successful. 
2018-07-27 17:03:14.4507|1|INFO|Microsoft.AspNetCore.Mvc.Internal.ControllerActionInvoker|Route matched with {action = "GetToken", controller = "Authentication"}. Executing action SampleNetCoreWebApiTemplate.WebApi.Controllers.AuthenticationController.GetToken (SampleNetCoreWebApiTemplate.WebApi) 
2018-07-27 17:03:14.8527|1|INFO|Microsoft.AspNetCore.Mvc.Internal.ControllerActionInvoker|Executing action method SampleNetCoreWebApiTemplate.WebApi.Controllers.AuthenticationController.GetToken (SampleNetCoreWebApiTemplate.WebApi) with arguments (SampleNetCoreWebApiTemplate.Model.ViewModel.RequstTokenUserModel) - Validation state: Valid 
2018-07-27 17:03:14.8663|2|INFO|Microsoft.AspNetCore.Mvc.Internal.ControllerActionInvoker|Executed action method SampleNetCoreWebApiTemplate.WebApi.Controllers.AuthenticationController.GetToken (SampleNetCoreWebApiTemplate.WebApi), returned result Microsoft.AspNetCore.Mvc.ObjectResult in 12.575ms. 
2018-07-27 17:03:14.8798|1|INFO|Microsoft.AspNetCore.Mvc.Infrastructure.ObjectResultExecutor|Executing ObjectResult, writing value of type 'SampleNetCoreWebApiTemplate.Model.ViewModel.ApiResult'. 
2018-07-27 17:03:14.8798|2|INFO|Microsoft.AspNetCore.Mvc.Internal.ControllerActionInvoker|Executed action SampleNetCoreWebApiTemplate.WebApi.Controllers.AuthenticationController.GetToken (SampleNetCoreWebApiTemplate.WebApi) in 433.9055ms 
2018-07-27 17:03:14.8881|2|INFO|Microsoft.AspNetCore.Hosting.Internal.WebHost|Request finished in 486.6243ms 200 application/json; charset=utf-8 
2018-07-27 17:03:34.4656|1|INFO|Microsoft.AspNetCore.Hosting.Internal.WebHost|Request starting HTTP/1.1 GET http://localhost:44318/api/Test/api/Test/GetAllUser   
2018-07-27 17:03:34.5284|2|INFO|Microsoft.AspNetCore.Authentication.JwtBearer.JwtBearerHandler|Successfully validated the token. 
2018-07-27 17:03:34.5586|1|INFO|Microsoft.AspNetCore.Mvc.Internal.ControllerActionInvoker|Route matched with {action = "GetAllUser", controller = "Test"}. Executing action SampleNetCoreWebApiTemplate.WebApi.Controllers.TestController.GetAllUser (SampleNetCoreWebApiTemplate.WebApi) 
2018-07-27 17:03:34.5833|1|INFO|Microsoft.AspNetCore.Authorization.DefaultAuthorizationService|Authorization was successful. 
2018-07-27 17:03:34.5833|1|INFO|Microsoft.AspNetCore.Mvc.Internal.ControllerActionInvoker|Executing action method SampleNetCoreWebApiTemplate.WebApi.Controllers.TestController.GetAllUser (SampleNetCoreWebApiTemplate.WebApi) - Validation state: Valid 
2018-07-27 17:03:37.6275||INFO|SampleNetCoreWebApiTemplate.WebApi.Controllers.TestController|GetAllUser 
2018-07-27 17:03:38.0144|10403|INFO|Microsoft.EntityFrameworkCore.Infrastructure|Entity Framework Core 2.1.1-rtm-30846 initialized 'ColorDbContext' using provider 'Microsoft.EntityFrameworkCore.SqlServer' with options: None 
2018-07-27 17:03:38.8173|2|INFO|Microsoft.AspNetCore.Mvc.Internal.ControllerActionInvoker|Executed action method SampleNetCoreWebApiTemplate.WebApi.Controllers.TestController.GetAllUser (SampleNetCoreWebApiTemplate.WebApi), returned result Microsoft.AspNetCore.Mvc.ObjectResult in 4230.3662ms. 
2018-07-27 17:03:38.8282|1|INFO|Microsoft.AspNetCore.Mvc.Infrastructure.ObjectResultExecutor|Executing ObjectResult, writing value of type 'SampleNetCoreWebApiTemplate.Model.ViewModel.ApiResult'. 
2018-07-27 17:03:38.8282|2|INFO|Microsoft.AspNetCore.Mvc.Internal.ControllerActionInvoker|Executed action SampleNetCoreWebApiTemplate.WebApi.Controllers.TestController.GetAllUser (SampleNetCoreWebApiTemplate.WebApi) in 4277.1844ms 
2018-07-27 17:03:38.8549|2|INFO|Microsoft.AspNetCore.Hosting.Internal.WebHost|Request finished in 4388.9731ms 200 application/json; charset=utf-8 
